Arguments: 
  /usr/local/bin/node /usr/local/bin/yarn deploy_function clear

PATH: 
  /Users/rice/google-cloud-sdk/bin:/usr/bin:/bin:/usr/sbin:/sbin:/usr/local/bin:/usr/local/lib/node_modules/npm/bin:/usr/local/go/bin:/usr/local/share/dotnet:~/.dotnet/tools:/Library/Apple/usr/bin:/Library/Frameworks/Mono.framework/Versions/Current/Commands:/Users/rice/google-cloud-sdk/bin

Yarn version: 
  1.5.1

Node version: 
  12.13.1

Platform: 
  darwin x64

npm manifest: 
  {
    "dependencies": {
      "@aws-sdk/client-dynamodb": "^3.23.0",
      "@aws-sdk/client-lambda": "^3.26.0",
      "@aws-sdk/client-sqs": "^3.23.0",
      "@aws-sdk/credential-provider-ini": "^3.24.0",
      "@aws-sdk/lib-dynamodb": "^3.23.0",
      "@aws-sdk/util-dynamodb": "^3.23.0",
      "axios": "^0.21.1",
      "chai": "^4.3.4",
      "dotenv": "^10.0.0",
      "http": "^0.0.1-security",
      "https": "^1.0.0",
      "jsonwebtoken": "^8.5.1",
      "lodash": "^4.17.21",
      "moment": "^2.29.1",
      "node-cache": "^5.1.2",
      "object-path": "^0.11.5",
      "percentile": "^1.5.0",
      "simple-encryptor": "^4.0.0",
      "uuid": "^8.3.2"
    },
    "name": "serverless",
    "version": "1.0.0",
    "main": "awsInstance.js",
    "devDependencies": {
      "mocha": "^9.0.3",
      "serverless-prune-plugin": "^1.5.1",
      "should": "^13.2.3"
    },
    "scripts": {
      "deploy": "serverless deploy --aws-profile queue_register",
      "test": "mocha  --bail  ",
      "deploy_function": "serverless deploy --aws-profile queue_register function -f "
    },
    "author": "Warit Tantivirasut",
    "license": "ISC",
    "description": ""
  }

yarn manifest: 
  No manifest

Lockfile: 
  # THIS IS AN AUTOGENERATED FILE. DO NOT EDIT THIS FILE DIRECTLY.
  # yarn lockfile v1
  
  
  "@aws-crypto/ie11-detection@^1.0.0":
    version "1.0.0"
    resolved "https://registry.yarnpkg.com/@aws-crypto/ie11-detection/-/ie11-detection-1.0.0.tgz#d3a6af29ba7f15458f79c41d1cd8cac3925e726a"
    dependencies:
      tslib "^1.11.1"
  
  "@aws-crypto/sha256-browser@^1.0.0":
    version "1.1.1"
    resolved "https://registry.yarnpkg.com/@aws-crypto/sha256-browser/-/sha256-browser-1.1.1.tgz#85dddf13e8f8d74c0d6592d993e4bf401da9f420"
    dependencies:
      "@aws-crypto/ie11-detection" "^1.0.0"
      "@aws-crypto/sha256-js" "^1.1.0"
      "@aws-crypto/supports-web-crypto" "^1.0.0"
      "@aws-sdk/types" "^3.1.0"
      "@aws-sdk/util-locate-window" "^3.0.0"
      "@aws-sdk/util-utf8-browser" "^3.0.0"
      tslib "^1.11.1"
  
  "@aws-crypto/sha256-js@^1.0.0", "@aws-crypto/sha256-js@^1.1.0":
    version "1.1.0"
    resolved "https://registry.yarnpkg.com/@aws-crypto/sha256-js/-/sha256-js-1.1.0.tgz#a58386ad18186e392e0f1d98d18831261d27b071"
    dependencies:
      "@aws-sdk/types" "^3.1.0"
      "@aws-sdk/util-utf8-browser" "^3.0.0"
      tslib "^1.11.1"
  
  "@aws-crypto/supports-web-crypto@^1.0.0":
    version "1.0.0"
    resolved "https://registry.yarnpkg.com/@aws-crypto/supports-web-crypto/-/supports-web-crypto-1.0.0.tgz#c40901bc17ac1e875e248df16a2b47ad8bfd9a93"
    dependencies:
      tslib "^1.11.1"
  
  "@aws-sdk/abort-controller@3.23.0":
    version "3.23.0"
    resolved "https://registry.yarnpkg.com/@aws-sdk/abort-controller/-/abort-controller-3.23.0.tgz#9a8d62f0a4bc789af759aa51d4dbad92a6a7b2d2"
    dependencies:
      "@aws-sdk/types" "3.22.0"
      tslib "^2.3.0"
  
  "@aws-sdk/abort-controller@3.25.0":
    version "3.25.0"
    resolved "https://registry.yarnpkg.com/@aws-sdk/abort-controller/-/abort-controller-3.25.0.tgz#a9ea250140de378d8beb6d2f427067fa30423e9e"
    dependencies:
      "@aws-sdk/types" "3.25.0"
      tslib "^2.3.0"
  
  "@aws-sdk/client-dynamodb@^3.23.0":
    version "3.23.0"
    resolved "https://registry.yarnpkg.com/@aws-sdk/client-dynamodb/-/client-dynamodb-3.23.0.tgz#fc9e917031489633b20b957e33a83e7b9bffea1e"
    dependencies:
      "@aws-crypto/sha256-browser" "^1.0.0"
      "@aws-crypto/sha256-js" "^1.0.0"
      "@aws-sdk/client-sts" "3.23.0"
      "@aws-sdk/config-resolver" "3.23.0"
      "@aws-sdk/credential-provider-node" "3.23.0"
      "@aws-sdk/fetch-http-handler" "3.23.0"
      "@aws-sdk/hash-node" "3.23.0"
      "@aws-sdk/invalid-dependency" "3.23.0"
      "@aws-sdk/middleware-content-length" "3.23.0"
      "@aws-sdk/middleware-endpoint-discovery" "3.23.0"
      "@aws-sdk/middleware-host-header" "3.23.0"
      "@aws-sdk/middleware-logger" "3.23.0"
      "@aws-sdk/middleware-retry" "3.23.0"
      "@aws-sdk/middleware-serde" "3.23.0"
      "@aws-sdk/middleware-signing" "3.23.0"
      "@aws-sdk/middleware-stack" "3.23.0"
      "@aws-sdk/middleware-user-agent" "3.23.0"
      "@aws-sdk/node-config-provider" "3.23.0"
      "@aws-sdk/node-http-handler" "3.23.0"
      "@aws-sdk/protocol-http" "3.23.0"
      "@aws-sdk/smithy-client" "3.23.0"
      "@aws-sdk/types" "3.22.0"
      "@aws-sdk/url-parser" "3.23.0"
      "@aws-sdk/util-base64-browser" "3.23.0"
      "@aws-sdk/util-base64-node" "3.23.0"
      "@aws-sdk/util-body-length-browser" "3.23.0"
      "@aws-sdk/util-body-length-node" "3.23.0"
      "@aws-sdk/util-user-agent-browser" "3.23.0"
      "@aws-sdk/util-user-agent-node" "3.23.0"
      "@aws-sdk/util-utf8-browser" "3.23.0"
      "@aws-sdk/util-utf8-node" "3.23.0"
      "@aws-sdk/util-waiter" "3.23.0"
      tslib "^2.3.0"
      uuid "^8.3.2"
  
  "@aws-sdk/client-lambda@^3.26.0":
    version "3.26.0"
    resolved "https://registry.yarnpkg.com/@aws-sdk/client-lambda/-/client-lambda-3.26.0.tgz#ec7ffbc2f88e7e6fb98258406bd59a327fa58289"
    dependencies:
      "@aws-crypto/sha256-browser" "^1.0.0"
      "@aws-crypto/sha256-js" "^1.0.0"
      "@aws-sdk/client-sts" "3.26.0"
      "@aws-sdk/config-resolver" "3.25.0"
      "@aws-sdk/credential-provider-node" "3.26.0"
      "@aws-sdk/fetch-http-handler" "3.25.0"
      "@aws-sdk/hash-node" "3.25.0"
      "@aws-sdk/invalid-dependency" "3.25.0"
      "@aws-sdk/middleware-content-length" "3.25.0"
      "@aws-sdk/middleware-host-header" "3.25.0"
      "@aws-sdk/middleware-logger" "3.25.0"
      "@aws-sdk/middleware-retry" "3.25.0"
      "@aws-sdk/middleware-serde" "3.25.0"
      "@aws-sdk/middleware-signing" "3.25.0"
      "@aws-sdk/middleware-stack" "3.25.0"
      "@aws-sdk/middleware-user-agent" "3.25.0"
      "@aws-sdk/node-config-provider" "3.25.0"
      "@aws-sdk/node-http-handler" "3.25.0"
      "@aws-sdk/protocol-http" "3.25.0"
      "@aws-sdk/smithy-client" "3.25.0"
      "@aws-sdk/types" "3.25.0"
      "@aws-sdk/url-parser" "3.25.0"
      "@aws-sdk/util-base64-browser" "3.23.0"
      "@aws-sdk/util-base64-node" "3.23.0"
      "@aws-sdk/util-body-length-browser" "3.23.0"
      "@aws-sdk/util-body-length-node" "3.23.0"
      "@aws-sdk/util-user-agent-browser" "3.25.0"
      "@aws-sdk/util-user-agent-node" "3.25.0"
      "@aws-sdk/util-utf8-browser" "3.23.0"
      "@aws-sdk/util-utf8-node" "3.23.0"
      "@aws-sdk/util-waiter" "3.25.0"
      tslib "^2.3.0"
  
  "@aws-sdk/client-sqs@^3.23.0":
    version "3.23.0"
    resolved "https://registry.yarnpkg.com/@aws-sdk/client-sqs/-/client-sqs-3.23.0.tgz#60d806dea763312a51a2b4851a8729288c514b7a"
    dependencies:
      "@aws-crypto/sha256-browser" "^1.0.0"
      "@aws-crypto/sha256-js" "^1.0.0"
      "@aws-sdk/client-sts" "3.23.0"
      "@aws-sdk/config-resolver" "3.23.0"
      "@aws-sdk/credential-provider-node" "3.23.0"
      "@aws-sdk/fetch-http-handler" "3.23.0"
      "@aws-sdk/hash-node" "3.23.0"
      "@aws-sdk/invalid-dependency" "3.23.0"
      "@aws-sdk/md5-js" "3.23.0"
      "@aws-sdk/middleware-content-length" "3.23.0"
      "@aws-sdk/middleware-host-header" "3.23.0"
      "@aws-sdk/middleware-logger" "3.23.0"
      "@aws-sdk/middleware-retry" "3.23.0"
      "@aws-sdk/middleware-sdk-sqs" "3.23.0"
      "@aws-sdk/middleware-serde" "3.23.0"
      "@aws-sdk/middleware-signing" "3.23.0"
      "@aws-sdk/middleware-stack" "3.23.0"
      "@aws-sdk/middleware-user-agent" "3.23.0"
      "@aws-sdk/node-config-provider" "3.23.0"
      "@aws-sdk/node-http-handler" "3.23.0"
      "@aws-sdk/protocol-http" "3.23.0"
      "@aws-sdk/smithy-client" "3.23.0"
      "@aws-sdk/types" "3.22.0"
      "@aws-sdk/url-parser" "3.23.0"
      "@aws-sdk/util-base64-browser" "3.23.0"
      "@aws-sdk/util-base64-node" "3.23.0"
      "@aws-sdk/util-body-length-browser" "3.23.0"
      "@aws-sdk/util-body-length-node" "3.23.0"
      "@aws-sdk/util-user-agent-browser" "3.23.0"
      "@aws-sdk/util-user-agent-node" "3.23.0"
      "@aws-sdk/util-utf8-browser" "3.23.0"
      "@aws-sdk/util-utf8-node" "3.23.0"
      entities "2.2.0"
      fast-xml-parser "3.19.0"
      tslib "^2.3.0"
  
  "@aws-sdk/client-sso@3.23.0":
    version "3.23.0"
    resolved "https://registry.yarnpkg.com/@aws-sdk/client-sso/-/client-sso-3.23.0.tgz#4982bc9b159a7d88440fa08407a4f05b0176606f"
    dependencies:
      "@aws-crypto/sha256-browser" "^1.0.0"
      "@aws-crypto/sha256-js" "^1.0.0"
      "@aws-sdk/config-resolver" "3.23.0"
      "@aws-sdk/fetch-http-handler" "3.23.0"
      "@aws-sdk/hash-node" "3.23.0"
      "@aws-sdk/invalid-dependency" "3.23.0"
      "@aws-sdk/middleware-content-length" "3.23.0"
      "@aws-sdk/middleware-host-header" "3.23.0"
      "@aws-sdk/middleware-logger" "3.23.0"
      "@aws-sdk/middleware-retry" "3.23.0"
      "@aws-sdk/middleware-serde" "3.23.0"
      "@aws-sdk/middleware-stack" "3.23.0"
      "@aws-sdk/middleware-user-agent" "3.23.0"
      "@aws-sdk/node-config-provider" "3.23.0"
      "@aws-sdk/node-http-handler" "3.23.0"
      "@aws-sdk/protocol-http" "3.23.0"
      "@aws-sdk/smithy-client" "3.23.0"
      "@aws-sdk/types" "3.22.0"
      "@aws-sdk/url-parser" "3.23.0"
      "@aws-sdk/util-base64-browser" "3.23.0"
      "@aws-sdk/util-base64-node" "3.23.0"
      "@aws-sdk/util-body-length-browser" "3.23.0"
      "@aws-sdk/util-body-length-node" "3.23.0"
      "@aws-sdk/util-user-agent-browser" "3.23.0"
      "@aws-sdk/util-user-agent-node" "3.23.0"
      "@aws-sdk/util-utf8-browser" "3.23.0"
      "@aws-sdk/util-utf8-node" "3.23.0"
      tslib "^2.3.0"
  
  "@aws-sdk/client-sso@3.24.0":
    version "3.24.0"
    resolved "https://registry.yarnpkg.com/@aws-sdk/client-sso/-/client-sso-3.24.0.tgz#5035024986ec25a611d8e55fa4d448c2deb8127a"
    dependencies:
      "@aws-crypto/sha256-browser" "^1.0.0"
      "@aws-crypto/sha256-js" "^1.0.0"
      "@aws-sdk/config-resolver" "3.23.0"
      "@aws-sdk/fetch-http-handler" "3.23.0"
      "@aws-sdk/hash-node" "3.23.0"
      "@aws-sdk/invalid-dependency" "3.23.0"
      "@aws-sdk/middleware-content-length" "3.23.0"
      "@aws-sdk/middleware-host-header" "3.23.0"
      "@aws-sdk/middleware-logger" "3.23.0"
      "@aws-sdk/middleware-retry" "3.23.0"
      "@aws-sdk/middleware-serde" "3.23.0"
      "@aws-sdk/middleware-stack" "3.23.0"
      "@aws-sdk/middleware-user-agent" "3.23.0"
      "@aws-sdk/node-config-provider" "3.23.0"
      "@aws-sdk/node-http-handler" "3.23.0"
      "@aws-sdk/protocol-http" "3.23.0"
      "@aws-sdk/smithy-client" "3.24.0"
      "@aws-sdk/types" "3.22.0"
      "@aws-sdk/url-parser" "3.23.0"
      "@aws-sdk/util-base64-browser" "3.23.0"
      "@aws-sdk/util-base64-node" "3.23.0"
      "@aws-sdk/util-body-length-browser" "3.23.0"
      "@aws-sdk/util-body-length-node" "3.23.0"
      "@aws-sdk/util-user-agent-browser" "3.23.0"
      "@aws-sdk/util-user-agent-node" "3.23.0"
      "@aws-sdk/util-utf8-browser" "3.23.0"
      "@aws-sdk/util-utf8-node" "3.23.0"
      tslib "^2.3.0"
  
  "@aws-sdk/client-sso@3.25.0":
    version "3.25.0"
    resolved "https://registry.yarnpkg.com/@aws-sdk/client-sso/-/client-sso-3.25.0.tgz#9756178afb08e399b5aef5d12dfece3825bc2e26"
    dependencies:
      "@aws-crypto/sha256-browser" "^1.0.0"
      "@aws-crypto/sha256-js" "^1.0.0"
      "@aws-sdk/config-resolver" "3.25.0"
      "@aws-sdk/fetch-http-handler" "3.25.0"
      "@aws-sdk/hash-node" "3.25.0"
      "@aws-sdk/invalid-dependency" "3.25.0"
      "@aws-sdk/middleware-content-length" "3.25.0"
      "@aws-sdk/middleware-host-header" "3.25.0"
      "@aws-sdk/middleware-logger" "3.25.0"
      "@aws-sdk/middleware-retry" "3.25.0"
      "@aws-sdk/middleware-serde" "3.25.0"
      "@aws-sdk/middleware-stack" "3.25.0"
      "@aws-sdk/middleware-user-agent" "3.25.0"
      "@aws-sdk/node-config-provider" "3.25.0"
      "@aws-sdk/node-http-handler" "3.25.0"
      "@aws-sdk/protocol-http" "3.25.0"
      "@aws-sdk/smithy-client" "3.25.0"
      "@aws-sdk/types" "3.25.0"
      "@aws-sdk/url-parser" "3.25.0"
      "@aws-sdk/util-base64-browser" "3.23.0"
      "@aws-sdk/util-base64-node" "3.23.0"
      "@aws-sdk/util-body-length-browser" "3.23.0"
      "@aws-sdk/util-body-length-node" "3.23.0"
      "@aws-sdk/util-user-agent-browser" "3.25.0"
      "@aws-sdk/util-user-agent-node" "3.25.0"
      "@aws-sdk/util-utf8-browser" "3.23.0"
      "@aws-sdk/util-utf8-node" "3.23.0"
      tslib "^2.3.0"
  
  "@aws-sdk/client-sts@3.23.0":
    version "3.23.0"
    resolved "https://registry.yarnpkg.com/@aws-sdk/client-sts/-/client-sts-3.23.0.tgz#486df855471660965fc14d872c73343fc491a7be"
    dependencies:
      "@aws-crypto/sha256-browser" "^1.0.0"
      "@aws-crypto/sha256-js" "^1.0.0"
      "@aws-sdk/config-resolver" "3.23.0"
      "@aws-sdk/credential-provider-node" "3.23.0"
      "@aws-sdk/fetch-http-handler" "3.23.0"
      "@aws-sdk/hash-node" "3.23.0"
      "@aws-sdk/invalid-dependency" "3.23.0"
      "@aws-sdk/middleware-content-length" "3.23.0"
      "@aws-sdk/middleware-host-header" "3.23.0"
      "@aws-sdk/middleware-logger" "3.23.0"
      "@aws-sdk/middleware-retry" "3.23.0"
      "@aws-sdk/middleware-sdk-sts" "3.23.0"
      "@aws-sdk/middleware-serde" "3.23.0"
      "@aws-sdk/middleware-signing" "3.23.0"
      "@aws-sdk/middleware-stack" "3.23.0"
      "@aws-sdk/middleware-user-agent" "3.23.0"
      "@aws-sdk/node-config-provider" "3.23.0"
      "@aws-sdk/node-http-handler" "3.23.0"
      "@aws-sdk/protocol-http" "3.23.0"
      "@aws-sdk/smithy-client" "3.23.0"
      "@aws-sdk/types" "3.22.0"
      "@aws-sdk/url-parser" "3.23.0"
      "@aws-sdk/util-base64-browser" "3.23.0"
      "@aws-sdk/util-base64-node" "3.23.0"
      "@aws-sdk/util-body-length-browser" "3.23.0"
      "@aws-sdk/util-body-length-node" "3.23.0"
      "@aws-sdk/util-user-agent-browser" "3.23.0"
      "@aws-sdk/util-user-agent-node" "3.23.0"
      "@aws-sdk/util-utf8-browser" "3.23.0"
      "@aws-sdk/util-utf8-node" "3.23.0"
      entities "2.2.0"
      fast-xml-parser "3.19.0"
      tslib "^2.3.0"
  
  "@aws-sdk/client-sts@3.26.0":
    version "3.26.0"
    resolved "https://registry.yarnpkg.com/@aws-sdk/client-sts/-/client-sts-3.26.0.tgz#49f190fbead21c41b2298f2b2ff1862c35f2dba7"
    dependencies:
      "@aws-crypto/sha256-browser" "^1.0.0"
      "@aws-crypto/sha256-js" "^1.0.0"
      "@aws-sdk/config-resolver" "3.25.0"
      "@aws-sdk/credential-provider-node" "3.26.0"
      "@aws-sdk/fetch-http-handler" "3.25.0"
      "@aws-sdk/hash-node" "3.25.0"
      "@aws-sdk/invalid-dependency" "3.25.0"
      "@aws-sdk/middleware-content-length" "3.25.0"
      "@aws-sdk/middleware-host-header" "3.25.0"
      "@aws-sdk/middleware-logger" "3.25.0"
      "@aws-sdk/middleware-retry" "3.25.0"
      "@aws-sdk/middleware-sdk-sts" "3.25.0"
      "@aws-sdk/middleware-serde" "3.25.0"
      "@aws-sdk/middleware-signing" "3.25.0"
      "@aws-sdk/middleware-stack" "3.25.0"
      "@aws-sdk/middleware-user-agent" "3.25.0"
      "@aws-sdk/node-config-provider" "3.25.0"
      "@aws-sdk/node-http-handler" "3.25.0"
      "@aws-sdk/protocol-http" "3.25.0"
      "@aws-sdk/smithy-client" "3.25.0"
      "@aws-sdk/types" "3.25.0"
      "@aws-sdk/url-parser" "3.25.0"
      "@aws-sdk/util-base64-browser" "3.23.0"
      "@aws-sdk/util-base64-node" "3.23.0"
      "@aws-sdk/util-body-length-browser" "3.23.0"
      "@aws-sdk/util-body-length-node" "3.23.0"
      "@aws-sdk/util-user-agent-browser" "3.25.0"
      "@aws-sdk/util-user-agent-node" "3.25.0"
      "@aws-sdk/util-utf8-browser" "3.23.0"
      "@aws-sdk/util-utf8-node" "3.23.0"
      entities "2.2.0"
      fast-xml-parser "3.19.0"
      tslib "^2.3.0"
  
  "@aws-sdk/config-resolver@3.23.0":
    version "3.23.0"
    resolved "https://registry.yarnpkg.com/@aws-sdk/config-resolver/-/config-resolver-3.23.0.tgz#45f64e4fe6bd64b9eecb0400e49188133fdfee59"
    dependencies:
      "@aws-sdk/signature-v4" "3.23.0"
      "@aws-sdk/types" "3.22.0"
      tslib "^2.3.0"
  
  "@aws-sdk/config-resolver@3.25.0":
    version "3.25.0"
    resolved "https://registry.yarnpkg.com/@aws-sdk/config-resolver/-/config-resolver-3.25.0.tgz#d7caba201a00aeb9d60aeddb8901b7e58f7f5a2b"
    dependencies:
      "@aws-sdk/signature-v4" "3.25.0"
      "@aws-sdk/types" "3.25.0"
      tslib "^2.3.0"
  
  "@aws-sdk/credential-provider-env@3.23.0":
    version "3.23.0"
    resolved "https://registry.yarnpkg.com/@aws-sdk/credential-provider-env/-/credential-provider-env-3.23.0.tgz#42f5457672d7fa913d8150a5a91fc229f234fcd2"
    dependencies:
      "@aws-sdk/property-provider" "3.23.0"
      "@aws-sdk/types" "3.22.0"
      tslib "^2.3.0"
  
  "@aws-sdk/credential-provider-env@3.25.0":
    version "3.25.0"
    resolved "https://registry.yarnpkg.com/@aws-sdk/credential-provider-env/-/credential-provider-env-3.25.0.tgz#9899ff627f40f09223126d6d2f1153b3ade2e804"
    dependencies:
      "@aws-sdk/property-provider" "3.25.0"
      "@aws-sdk/types" "3.25.0"
      tslib "^2.3.0"
  
  "@aws-sdk/credential-provider-imds@3.23.0":
    version "3.23.0"
    resolved "https://registry.yarnpkg.com/@aws-sdk/credential-provider-imds/-/credential-provider-imds-3.23.0.tgz#772b0980f8c87f7935d1da2a4b88d14a7b5d4723"
    dependencies:
      "@aws-sdk/property-provider" "3.23.0"
      "@aws-sdk/types" "3.22.0"
      tslib "^2.3.0"
  
  "@aws-sdk/credential-provider-imds@3.26.0":
    version "3.26.0"
    resolved "https://registry.yarnpkg.com/@aws-sdk/credential-provider-imds/-/credential-provider-imds-3.26.0.tgz#087162254f846b3498a59d0b06f3383b5c1dd1dc"
    dependencies:
      "@aws-sdk/node-config-provider" "3.25.0"
      "@aws-sdk/property-provider" "3.25.0"
      "@aws-sdk/types" "3.25.0"
      "@aws-sdk/url-parser" "3.25.0"
      tslib "^2.3.0"
  
  "@aws-sdk/credential-provider-ini@3.23.0":
    version "3.23.0"
    resolved "https://registry.yarnpkg.com/@aws-sdk/credential-provider-ini/-/credential-provider-ini-3.23.0.tgz#b7bfbce374ad139ac0b98f0d2d729a4dc30c725a"
    dependencies:
      "@aws-sdk/credential-provider-env" "3.23.0"
      "@aws-sdk/credential-provider-imds" "3.23.0"
      "@aws-sdk/credential-provider-sso" "3.23.0"
      "@aws-sdk/credential-provider-web-identity" "3.23.0"
      "@aws-sdk/property-provider" "3.23.0"
      "@aws-sdk/shared-ini-file-loader" "3.23.0"
      "@aws-sdk/types" "3.22.0"
      "@aws-sdk/util-credentials" "3.23.0"
      tslib "^2.3.0"
  
  "@aws-sdk/credential-provider-ini@3.26.0":
    version "3.26.0"
    resolved "https://registry.yarnpkg.com/@aws-sdk/credential-provider-ini/-/credential-provider-ini-3.26.0.tgz#c32ca964cac4e070a662abc44994fd9f2288f60c"
    dependencies:
      "@aws-sdk/credential-provider-env" "3.25.0"
      "@aws-sdk/credential-provider-imds" "3.26.0"
      "@aws-sdk/credential-provider-sso" "3.25.0"
      "@aws-sdk/credential-provider-web-identity" "3.25.0"
      "@aws-sdk/property-provider" "3.25.0"
      "@aws-sdk/shared-ini-file-loader" "3.23.0"
      "@aws-sdk/types" "3.25.0"
      "@aws-sdk/util-credentials" "3.23.0"
      tslib "^2.3.0"
  
  "@aws-sdk/credential-provider-ini@^3.24.0":
    version "3.24.0"
    resolved "https://registry.yarnpkg.com/@aws-sdk/credential-provider-ini/-/credential-provider-ini-3.24.0.tgz#efd0a4d447da6ebc662dfffccde1f3cb46944491"
    dependencies:
      "@aws-sdk/credential-provider-env" "3.23.0"
      "@aws-sdk/credential-provider-imds" "3.23.0"
      "@aws-sdk/credential-provider-sso" "3.24.0"
      "@aws-sdk/credential-provider-web-identity" "3.23.0"
      "@aws-sdk/property-provider" "3.23.0"
      "@aws-sdk/shared-ini-file-loader" "3.23.0"
      "@aws-sdk/types" "3.22.0"
      "@aws-sdk/util-credentials" "3.23.0"
      tslib "^2.3.0"
  
  "@aws-sdk/credential-provider-node@3.23.0":
    version "3.23.0"
    resolved "https://registry.yarnpkg.com/@aws-sdk/credential-provider-node/-/credential-provider-node-3.23.0.tgz#23789219a967192951c20a406e4af913fad08033"
    dependencies:
      "@aws-sdk/credential-provider-env" "3.23.0"
      "@aws-sdk/credential-provider-imds" "3.23.0"
      "@aws-sdk/credential-provider-ini" "3.23.0"
      "@aws-sdk/credential-provider-process" "3.23.0"
      "@aws-sdk/credential-provider-sso" "3.23.0"
      "@aws-sdk/credential-provider-web-identity" "3.23.0"
      "@aws-sdk/property-provider" "3.23.0"
      "@aws-sdk/shared-ini-file-loader" "3.23.0"
      "@aws-sdk/types" "3.22.0"
      tslib "^2.3.0"
  
  "@aws-sdk/credential-provider-node@3.26.0":
    version "3.26.0"
    resolved "https://registry.yarnpkg.com/@aws-sdk/credential-provider-node/-/credential-provider-node-3.26.0.tgz#c6891079587de4a30818a72bd4fa6c1eaa941f4d"
    dependencies:
      "@aws-sdk/credential-provider-env" "3.25.0"
      "@aws-sdk/credential-provider-imds" "3.26.0"
      "@aws-sdk/credential-provider-ini" "3.26.0"
      "@aws-sdk/credential-provider-process" "3.25.0"
      "@aws-sdk/credential-provider-sso" "3.25.0"
      "@aws-sdk/credential-provider-web-identity" "3.25.0"
      "@aws-sdk/property-provider" "3.25.0"
      "@aws-sdk/shared-ini-file-loader" "3.23.0"
      "@aws-sdk/types" "3.25.0"
      "@aws-sdk/util-credentials" "3.23.0"
      tslib "^2.3.0"
  
  "@aws-sdk/credential-provider-process@3.23.0":
    version "3.23.0"
    resolved "https://registry.yarnpkg.com/@aws-sdk/credential-provider-process/-/credential-provider-process-3.23.0.tgz#86cf5ba064cac6fcd08a6019a119716e20941aad"
    dependencies:
      "@aws-sdk/property-provider" "3.23.0"
      "@aws-sdk/shared-ini-file-loader" "3.23.0"
      "@aws-sdk/types" "3.22.0"
      "@aws-sdk/util-credentials" "3.23.0"
      tslib "^2.3.0"
  
  "@aws-sdk/credential-provider-process@3.25.0":
    version "3.25.0"
    resolved "https://registry.yarnpkg.com/@aws-sdk/credential-provider-process/-/credential-provider-process-3.25.0.tgz#472938d6582152252fb69247531125ed24017d4e"
    dependencies:
      "@aws-sdk/property-provider" "3.25.0"
      "@aws-sdk/shared-ini-file-loader" "3.23.0"
      "@aws-sdk/types" "3.25.0"
      "@aws-sdk/util-credentials" "3.23.0"
      tslib "^2.3.0"
  
  "@aws-sdk/credential-provider-sso@3.23.0":
    version "3.23.0"
    resolved "https://registry.yarnpkg.com/@aws-sdk/credential-provider-sso/-/credential-provider-sso-3.23.0.tgz#ff8cf1bb91df94cd057b4031a5dddb1ca1778efc"
    dependencies:
      "@aws-sdk/client-sso" "3.23.0"
      "@aws-sdk/property-provider" "3.23.0"
      "@aws-sdk/shared-ini-file-loader" "3.23.0"
      "@aws-sdk/types" "3.22.0"
      "@aws-sdk/util-credentials" "3.23.0"
      tslib "^2.3.0"
  
  "@aws-sdk/credential-provider-sso@3.24.0":
    version "3.24.0"
    resolved "https://registry.yarnpkg.com/@aws-sdk/credential-provider-sso/-/credential-provider-sso-3.24.0.tgz#538f011d0cf20602d053c327ef76c19156ecef99"
    dependencies:
      "@aws-sdk/client-sso" "3.24.0"
      "@aws-sdk/property-provider" "3.23.0"
      "@aws-sdk/shared-ini-file-loader" "3.23.0"
      "@aws-sdk/types" "3.22.0"
      "@aws-sdk/util-credentials" "3.23.0"
      tslib "^2.3.0"
  
  "@aws-sdk/credential-provider-sso@3.25.0":
    version "3.25.0"
    resolved "https://registry.yarnpkg.com/@aws-sdk/credential-provider-sso/-/credential-provider-sso-3.25.0.tgz#e2065ee6aec63a647acc816732ffcd270eb3c669"
    dependencies:
      "@aws-sdk/client-sso" "3.25.0"
      "@aws-sdk/property-provider" "3.25.0"
      "@aws-sdk/shared-ini-file-loader" "3.23.0"
      "@aws-sdk/types" "3.25.0"
      "@aws-sdk/util-credentials" "3.23.0"
      tslib "^2.3.0"
  
  "@aws-sdk/credential-provider-web-identity@3.23.0":
    version "3.23.0"
    resolved "https://registry.yarnpkg.com/@aws-sdk/credential-provider-web-identity/-/credential-provider-web-identity-3.23.0.tgz#06f08b45ff5b23abae06b6689f7e2d28064d47d6"
    dependencies:
      "@aws-sdk/property-provider" "3.23.0"
      "@aws-sdk/types" "3.22.0"
      tslib "^2.3.0"
  
  "@aws-sdk/credential-provider-web-identity@3.25.0":
    version "3.25.0"
    resolved "https://registry.yarnpkg.com/@aws-sdk/credential-provider-web-identity/-/credential-provider-web-identity-3.25.0.tgz#9c330322eea3a5f1f0166556c1f18ecc0992b0bf"
    dependencies:
      "@aws-sdk/property-provider" "3.25.0"
      "@aws-sdk/types" "3.25.0"
      tslib "^2.3.0"
  
  "@aws-sdk/endpoint-cache@3.23.0":
    version "3.23.0"
    resolved "https://registry.yarnpkg.com/@aws-sdk/endpoint-cache/-/endpoint-cache-3.23.0.tgz#c20a057b432db91951fdb53c92fb0f680f917213"
    dependencies:
      mnemonist "0.38.3"
      tslib "^2.3.0"
  
  "@aws-sdk/fetch-http-handler@3.23.0":
    version "3.23.0"
    resolved "https://registry.yarnpkg.com/@aws-sdk/fetch-http-handler/-/fetch-http-handler-3.23.0.tgz#97c1f47f7c0a5c33c0748d2d024b40cfc96b6e1c"
    dependencies:
      "@aws-sdk/protocol-http" "3.23.0"
      "@aws-sdk/querystring-builder" "3.23.0"
      "@aws-sdk/types" "3.22.0"
      "@aws-sdk/util-base64-browser" "3.23.0"
      tslib "^2.3.0"
  
  "@aws-sdk/fetch-http-handler@3.25.0":
    version "3.25.0"
    resolved "https://registry.yarnpkg.com/@aws-sdk/fetch-http-handler/-/fetch-http-handler-3.25.0.tgz#0ba013ced267b8ead120be1fcba5bdbbc379b82f"
    dependencies:
      "@aws-sdk/protocol-http" "3.25.0"
      "@aws-sdk/querystring-builder" "3.25.0"
      "@aws-sdk/types" "3.25.0"
      "@aws-sdk/util-base64-browser" "3.23.0"
      tslib "^2.3.0"
  
  "@aws-sdk/hash-node@3.23.0":
    version "3.23.0"
    resolved "https://registry.yarnpkg.com/@aws-sdk/hash-node/-/hash-node-3.23.0.tgz#136348928c17419eacbbbf9a9278e36da16e1b49"
    dependencies:
      "@aws-sdk/types" "3.22.0"
      "@aws-sdk/util-buffer-from" "3.23.0"
      tslib "^2.3.0"
  
  "@aws-sdk/hash-node@3.25.0":
    version "3.25.0"
    resolved "https://registry.yarnpkg.com/@aws-sdk/hash-node/-/hash-node-3.25.0.tgz#b149ddf170f4038c7cc3afe8f12e21b0f63e0771"
    dependencies:
      "@aws-sdk/types" "3.25.0"
      "@aws-sdk/util-buffer-from" "3.23.0"
      tslib "^2.3.0"
  
  "@aws-sdk/invalid-dependency@3.23.0":
    version "3.23.0"
    resolved "https://registry.yarnpkg.com/@aws-sdk/invalid-dependency/-/invalid-dependency-3.23.0.tgz#1b6dd596356849f2e8af99c0d790f340f01524ef"
    dependencies:
      "@aws-sdk/types" "3.22.0"
      tslib "^2.3.0"
  
  "@aws-sdk/invalid-dependency@3.25.0":
    version "3.25.0"
    resolved "https://registry.yarnpkg.com/@aws-sdk/invalid-dependency/-/invalid-dependency-3.25.0.tgz#a75dfb7e86a0e1eb6083b61397dc49a1db041434"
    dependencies:
      "@aws-sdk/types" "3.25.0"
      tslib "^2.3.0"
  
  "@aws-sdk/is-array-buffer@3.23.0":
    version "3.23.0"
    resolved "https://registry.yarnpkg.com/@aws-sdk/is-array-buffer/-/is-array-buffer-3.23.0.tgz#3a5d601b0102ea3a4d832bde647509c8405b2ec9"
    dependencies:
      tslib "^2.3.0"
  
  "@aws-sdk/lib-dynamodb@^3.23.0":
    version "3.23.0"
    resolved "https://registry.yarnpkg.com/@aws-sdk/lib-dynamodb/-/lib-dynamodb-3.23.0.tgz#cc48adf3b60e649b5b513c6307e1b0b3e73fb0fe"
    dependencies:
      tslib "^2.3.0"
  
  "@aws-sdk/md5-js@3.23.0":
    version "3.23.0"
    resolved "https://registry.yarnpkg.com/@aws-sdk/md5-js/-/md5-js-3.23.0.tgz#17d49bf5902bd08dd0df7fa9e15885780c2fa9c3"
    dependencies:
      "@aws-sdk/types" "3.22.0"
      "@aws-sdk/util-utf8-browser" "3.23.0"
      tslib "^2.3.0"
  
  "@aws-sdk/middleware-content-length@3.23.0":
    version "3.23.0"
    resolved "https://registry.yarnpkg.com/@aws-sdk/middleware-content-length/-/middleware-content-length-3.23.0.tgz#cfc6c83d7b42b2f21a66bd6a8164fac28718f59e"
    dependencies:
      "@aws-sdk/protocol-http" "3.23.0"
      "@aws-sdk/types" "3.22.0"
      tslib "^2.3.0"
  
  "@aws-sdk/middleware-content-length@3.25.0":
    version "3.25.0"
    resolved "https://registry.yarnpkg.com/@aws-sdk/middleware-content-length/-/middleware-content-length-3.25.0.tgz#71031d326e52f788396e0ed8216410840059ac53"
    dependencies:
      "@aws-sdk/protocol-http" "3.25.0"
      "@aws-sdk/types" "3.25.0"
      tslib "^2.3.0"
  
  "@aws-sdk/middleware-endpoint-discovery@3.23.0":
    version "3.23.0"
    resolved "https://registry.yarnpkg.com/@aws-sdk/middleware-endpoint-discovery/-/middleware-endpoint-discovery-3.23.0.tgz#166ff3632148eb2d924f77e1c1e2730968045384"
    dependencies:
      "@aws-sdk/config-resolver" "3.23.0"
      "@aws-sdk/endpoint-cache" "3.23.0"
      "@aws-sdk/protocol-http" "3.23.0"
      "@aws-sdk/types" "3.22.0"
      tslib "^2.3.0"
  
  "@aws-sdk/middleware-host-header@3.23.0":
    version "3.23.0"
    resolved "https://registry.yarnpkg.com/@aws-sdk/middleware-host-header/-/middleware-host-header-3.23.0.tgz#b20b8684274db44525edacf3ee50b7254d5b1349"
    dependencies:
      "@aws-sdk/protocol-http" "3.23.0"
      "@aws-sdk/types" "3.22.0"
      tslib "^2.3.0"
  
  "@aws-sdk/middleware-host-header@3.25.0":
    version "3.25.0"
    resolved "https://registry.yarnpkg.com/@aws-sdk/middleware-host-header/-/middleware-host-header-3.25.0.tgz#f08dd8c45362cf5cb152c478027092e3d1f4aa58"
    dependencies:
      "@aws-sdk/protocol-http" "3.25.0"
      "@aws-sdk/types" "3.25.0"
      tslib "^2.3.0"
  
  "@aws-sdk/middleware-logger@3.23.0":
    version "3.23.0"
    resolved "https://registry.yarnpkg.com/@aws-sdk/middleware-logger/-/middleware-logger-3.23.0.tgz#427babe45094dde77c0dcff914f8801b0400d8cf"
    dependencies:
      "@aws-sdk/types" "3.22.0"
      tslib "^2.3.0"
  
  "@aws-sdk/middleware-logger@3.25.0":
    version "3.25.0"
    resolved "https://registry.yarnpkg.com/@aws-sdk/middleware-logger/-/middleware-logger-3.25.0.tgz#03294611be7a2f4aba06e9d80e04318c0991d769"
    dependencies:
      "@aws-sdk/types" "3.25.0"
      tslib "^2.3.0"
  
  "@aws-sdk/middleware-retry@3.23.0":
    version "3.23.0"
    resolved "https://registry.yarnpkg.com/@aws-sdk/middleware-retry/-/middleware-retry-3.23.0.tgz#10f87dd0ddd0b8766e48c0ab45009a045c696e49"
    dependencies:
      "@aws-sdk/protocol-http" "3.23.0"
      "@aws-sdk/service-error-classification" "3.22.0"
      "@aws-sdk/types" "3.22.0"
      tslib "^2.3.0"
      uuid "^8.3.2"
  
  "@aws-sdk/middleware-retry@3.25.0":
    version "3.25.0"
    resolved "https://registry.yarnpkg.com/@aws-sdk/middleware-retry/-/middleware-retry-3.25.0.tgz#e9f1b011494142aa27ece3ef881e8a3d4866797c"
    dependencies:
      "@aws-sdk/protocol-http" "3.25.0"
      "@aws-sdk/service-error-classification" "3.25.0"
      "@aws-sdk/types" "3.25.0"
      tslib "^2.3.0"
      uuid "^8.3.2"
  
  "@aws-sdk/middleware-sdk-sqs@3.23.0":
    version "3.23.0"
    resolved "https://registry.yarnpkg.com/@aws-sdk/middleware-sdk-sqs/-/middleware-sdk-sqs-3.23.0.tgz#487cf4a0249aa8790e5ced979e6262b8850ac8bd"
    dependencies:
      "@aws-sdk/types" "3.22.0"
      "@aws-sdk/util-hex-encoding" "3.23.0"
      tslib "^2.3.0"
  
  "@aws-sdk/middleware-sdk-sts@3.23.0":
    version "3.23.0"
    resolved "https://registry.yarnpkg.com/@aws-sdk/middleware-sdk-sts/-/middleware-sdk-sts-3.23.0.tgz#d29a1d0bd8c5bc39ec5d70430588c106b2645819"
    dependencies:
      "@aws-sdk/middleware-signing" "3.23.0"
      "@aws-sdk/property-provider" "3.23.0"
      "@aws-sdk/protocol-http" "3.23.0"
      "@aws-sdk/signature-v4" "3.23.0"
      "@aws-sdk/types" "3.22.0"
      tslib "^2.3.0"
  
  "@aws-sdk/middleware-sdk-sts@3.25.0":
    version "3.25.0"
    resolved "https://registry.yarnpkg.com/@aws-sdk/middleware-sdk-sts/-/middleware-sdk-sts-3.25.0.tgz#15d4836958f70187cbb6819a0c0742b751fb44ed"
    dependencies:
      "@aws-sdk/middleware-signing" "3.25.0"
      "@aws-sdk/property-provider" "3.25.0"
      "@aws-sdk/protocol-http" "3.25.0"
      "@aws-sdk/signature-v4" "3.25.0"
      "@aws-sdk/types" "3.25.0"
      tslib "^2.3.0"
  
  "@aws-sdk/middleware-serde@3.23.0":
    version "3.23.0"
    resolved "https://registry.yarnpkg.com/@aws-sdk/middleware-serde/-/middleware-serde-3.23.0.tgz#928d87bbce6e002165835348600cf19ca9d5737c"
    dependencies:
      "@aws-sdk/types" "3.22.0"
      tslib "^2.3.0"
  
  "@aws-sdk/middleware-serde@3.25.0":
    version "3.25.0"
    resolved "https://registry.yarnpkg.com/@aws-sdk/middleware-serde/-/middleware-serde-3.25.0.tgz#e1284ed4af64b4444cfeb7b5275f489418fa2f58"
    dependencies:
      "@aws-sdk/types" "3.25.0"
      tslib "^2.3.0"
  
  "@aws-sdk/middleware-signing@3.23.0":
    version "3.23.0"
    resolved "https://registry.yarnpkg.com/@aws-sdk/middleware-signing/-/middleware-signing-3.23.0.tgz#7e492bed740c06f0310a40a52e9915639c452cdc"
    dependencies:
      "@aws-sdk/property-provider" "3.23.0"
      "@aws-sdk/protocol-http" "3.23.0"
      "@aws-sdk/signature-v4" "3.23.0"
      "@aws-sdk/types" "3.22.0"
      tslib "^2.3.0"
  
  "@aws-sdk/middleware-signing@3.25.0":
    version "3.25.0"
    resolved "https://registry.yarnpkg.com/@aws-sdk/middleware-signing/-/middleware-signing-3.25.0.tgz#de19f5b27c34161081553a87285f1b5690e2cb9a"
    dependencies:
      "@aws-sdk/property-provider" "3.25.0"
      "@aws-sdk/protocol-http" "3.25.0"
      "@aws-sdk/signature-v4" "3.25.0"
      "@aws-sdk/types" "3.25.0"
      tslib "^2.3.0"
  
  "@aws-sdk/middleware-stack@3.23.0":
    version "3.23.0"
    resolved "https://registry.yarnpkg.com/@aws-sdk/middleware-stack/-/middleware-stack-3.23.0.tgz#b41a78eaf0c8d04b7cc1af0a81e8a803f51eee6e"
    dependencies:
      tslib "^2.3.0"
  
  "@aws-sdk/middleware-stack@3.25.0":
    version "3.25.0"
    resolved "https://registry.yarnpkg.com/@aws-sdk/middleware-stack/-/middleware-stack-3.25.0.tgz#8fc022c90b030c80308bf2930c4a7040052234b4"
    dependencies:
      tslib "^2.3.0"
  
  "@aws-sdk/middleware-user-agent@3.23.0":
    version "3.23.0"
    resolved "https://registry.yarnpkg.com/@aws-sdk/middleware-user-agent/-/middleware-user-agent-3.23.0.tgz#ecd35ec3b3e360469a14dba1a39fa0cf060c06bc"
    dependencies:
      "@aws-sdk/protocol-http" "3.23.0"
      "@aws-sdk/types" "3.22.0"
      tslib "^2.3.0"
  
  "@aws-sdk/middleware-user-agent@3.25.0":
    version "3.25.0"
    resolved "https://registry.yarnpkg.com/@aws-sdk/middleware-user-agent/-/middleware-user-agent-3.25.0.tgz#2033da6cdcfbf4641b991e3ee3c60ba9809898e7"
    dependencies:
      "@aws-sdk/protocol-http" "3.25.0"
      "@aws-sdk/types" "3.25.0"
      tslib "^2.3.0"
  
  "@aws-sdk/node-config-provider@3.23.0":
    version "3.23.0"
    resolved "https://registry.yarnpkg.com/@aws-sdk/node-config-provider/-/node-config-provider-3.23.0.tgz#2fd99f134b3152290c285caa2fe076b2cf75d16f"
    dependencies:
      "@aws-sdk/property-provider" "3.23.0"
      "@aws-sdk/shared-ini-file-loader" "3.23.0"
      "@aws-sdk/types" "3.22.0"
      tslib "^2.3.0"
  
  "@aws-sdk/node-config-provider@3.25.0":
    version "3.25.0"
    resolved "https://registry.yarnpkg.com/@aws-sdk/node-config-provider/-/node-config-provider-3.25.0.tgz#6ec3e9031b7ff0c51d6e0b33aeff3547ea5619b3"
    dependencies:
      "@aws-sdk/property-provider" "3.25.0"
      "@aws-sdk/shared-ini-file-loader" "3.23.0"
      "@aws-sdk/types" "3.25.0"
      tslib "^2.3.0"
  
  "@aws-sdk/node-http-handler@3.23.0":
    version "3.23.0"
    resolved "https://registry.yarnpkg.com/@aws-sdk/node-http-handler/-/node-http-handler-3.23.0.tgz#9c19775a343a439366f88ec42085fbd9372a21ba"
    dependencies:
      "@aws-sdk/abort-controller" "3.23.0"
      "@aws-sdk/protocol-http" "3.23.0"
      "@aws-sdk/querystring-builder" "3.23.0"
      "@aws-sdk/types" "3.22.0"
      tslib "^2.3.0"
  
  "@aws-sdk/node-http-handler@3.25.0":
    version "3.25.0"
    resolved "https://registry.yarnpkg.com/@aws-sdk/node-http-handler/-/node-http-handler-3.25.0.tgz#b636ea2c39b4a47cf9bffd4cdb6a41c603b99bff"
    dependencies:
      "@aws-sdk/abort-controller" "3.25.0"
      "@aws-sdk/protocol-http" "3.25.0"
      "@aws-sdk/querystring-builder" "3.25.0"
      "@aws-sdk/types" "3.25.0"
      tslib "^2.3.0"
  
  "@aws-sdk/property-provider@3.23.0":
    version "3.23.0"
    resolved "https://registry.yarnpkg.com/@aws-sdk/property-provider/-/property-provider-3.23.0.tgz#d14ff1ce66a43c7af9cade2b0c2e84c2ccd0b457"
    dependencies:
      "@aws-sdk/types" "3.22.0"
      tslib "^2.3.0"
  
  "@aws-sdk/property-provider@3.25.0":
    version "3.25.0"
    resolved "https://registry.yarnpkg.com/@aws-sdk/property-provider/-/property-provider-3.25.0.tgz#2fd7246917b9b6ff448a599163a479bc417a1421"
    dependencies:
      "@aws-sdk/types" "3.25.0"
      tslib "^2.3.0"
  
  "@aws-sdk/protocol-http@3.23.0":
    version "3.23.0"
    resolved "https://registry.yarnpkg.com/@aws-sdk/protocol-http/-/protocol-http-3.23.0.tgz#cc7a905a7f7b045d2714d094a5946ef932fa94c7"
    dependencies:
      "@aws-sdk/types" "3.22.0"
      tslib "^2.3.0"
  
  "@aws-sdk/protocol-http@3.25.0":
    version "3.25.0"
    resolved "https://registry.yarnpkg.com/@aws-sdk/protocol-http/-/protocol-http-3.25.0.tgz#4b638cb90672fc2d6cb6d15bebc8bb1fb297da2e"
    dependencies:
      "@aws-sdk/types" "3.25.0"
      tslib "^2.3.0"
  
  "@aws-sdk/querystring-builder@3.23.0":
    version "3.23.0"
    resolved "https://registry.yarnpkg.com/@aws-sdk/querystring-builder/-/querystring-builder-3.23.0.tgz#fd3690d4b3199308151a61f3bd9cb022576e83e1"
    dependencies:
      "@aws-sdk/types" "3.22.0"
      "@aws-sdk/util-uri-escape" "3.23.0"
      tslib "^2.3.0"
  
  "@aws-sdk/querystring-builder@3.25.0":
    version "3.25.0"
    resolved "https://registry.yarnpkg.com/@aws-sdk/querystring-builder/-/querystring-builder-3.25.0.tgz#9e6f5eaa5d6805fbf45ae4a47ccbaf823584a4a2"
    dependencies:
      "@aws-sdk/types" "3.25.0"
      "@aws-sdk/util-uri-escape" "3.23.0"
      tslib "^2.3.0"
  
  "@aws-sdk/querystring-parser@3.23.0":
    version "3.23.0"
    resolved "https://registry.yarnpkg.com/@aws-sdk/querystring-parser/-/querystring-parser-3.23.0.tgz#7a3a969c10a935b64e66e1708d9dce7cf9fb3375"
    dependencies:
      "@aws-sdk/types" "3.22.0"
      tslib "^2.3.0"
  
  "@aws-sdk/querystring-parser@3.25.0":
    version "3.25.0"
    resolved "https://registry.yarnpkg.com/@aws-sdk/querystring-parser/-/querystring-parser-3.25.0.tgz#7fe0a3ddf95a4e5475f53be056fce435fb24b774"
    dependencies:
      "@aws-sdk/types" "3.25.0"
      tslib "^2.3.0"
  
  "@aws-sdk/service-error-classification@3.22.0":
    version "3.22.0"
    resolved "https://registry.yarnpkg.com/@aws-sdk/service-error-classification/-/service-error-classification-3.22.0.tgz#dce2271f7415d0be31d4b6021589870b9b914d40"
  
  "@aws-sdk/service-error-classification@3.25.0":
    version "3.25.0"
    resolved "https://registry.yarnpkg.com/@aws-sdk/service-error-classification/-/service-error-classification-3.25.0.tgz#1f24fe74f0a89f00d4f6f2ad1d7bb6b0e2f871e7"
  
  "@aws-sdk/shared-ini-file-loader@3.23.0":
    version "3.23.0"
    resolved "https://registry.yarnpkg.com/@aws-sdk/shared-ini-file-loader/-/shared-ini-file-loader-3.23.0.tgz#574901a31e65e425632a9cae6a64f6382a2b76e8"
    dependencies:
      tslib "^2.3.0"
  
  "@aws-sdk/signature-v4@3.23.0":
    version "3.23.0"
    resolved "https://registry.yarnpkg.com/@aws-sdk/signature-v4/-/signature-v4-3.23.0.tgz#6ff22e675285b62c4caaa3d6a7833135ada2583a"
    dependencies:
      "@aws-sdk/is-array-buffer" "3.23.0"
      "@aws-sdk/types" "3.22.0"
      "@aws-sdk/util-hex-encoding" "3.23.0"
      "@aws-sdk/util-uri-escape" "3.23.0"
      tslib "^2.3.0"
  
  "@aws-sdk/signature-v4@3.25.0":
    version "3.25.0"
    resolved "https://registry.yarnpkg.com/@aws-sdk/signature-v4/-/signature-v4-3.25.0.tgz#c7fb8184a09593ef6dc62029ca45e252b51247b2"
    dependencies:
      "@aws-sdk/is-array-buffer" "3.23.0"
      "@aws-sdk/types" "3.25.0"
      "@aws-sdk/util-hex-encoding" "3.23.0"
      "@aws-sdk/util-uri-escape" "3.23.0"
      tslib "^2.3.0"
  
  "@aws-sdk/smithy-client@3.23.0":
    version "3.23.0"
    resolved "https://registry.yarnpkg.com/@aws-sdk/smithy-client/-/smithy-client-3.23.0.tgz#50e55a1c4909204239ec48734f57c84404d7a476"
    dependencies:
      "@aws-sdk/middleware-stack" "3.23.0"
      "@aws-sdk/types" "3.22.0"
      tslib "^2.3.0"
  
  "@aws-sdk/smithy-client@3.24.0":
    version "3.24.0"
    resolved "https://registry.yarnpkg.com/@aws-sdk/smithy-client/-/smithy-client-3.24.0.tgz#e2507fb878da3b4ef569b9dc2919cbfe43e29bab"
    dependencies:
      "@aws-sdk/middleware-stack" "3.23.0"
      "@aws-sdk/types" "3.22.0"
      tslib "^2.3.0"
  
  "@aws-sdk/smithy-client@3.25.0":
    version "3.25.0"
    resolved "https://registry.yarnpkg.com/@aws-sdk/smithy-client/-/smithy-client-3.25.0.tgz#bfdf77f1fa82b26bb7893f16056e8e60e49a140a"
    dependencies:
      "@aws-sdk/middleware-stack" "3.25.0"
      "@aws-sdk/types" "3.25.0"
      tslib "^2.3.0"
  
  "@aws-sdk/types@3.22.0", "@aws-sdk/types@^3.1.0":
    version "3.22.0"
    resolved "https://registry.yarnpkg.com/@aws-sdk/types/-/types-3.22.0.tgz#323afc96eb27a69a97da0803254a62969d3d3539"
  
  "@aws-sdk/types@3.25.0":
    version "3.25.0"
    resolved "https://registry.yarnpkg.com/@aws-sdk/types/-/types-3.25.0.tgz#981210272dae2d259130f6dca8429522d9a564bb"
  
  "@aws-sdk/url-parser@3.23.0":
    version "3.23.0"
    resolved "https://registry.yarnpkg.com/@aws-sdk/url-parser/-/url-parser-3.23.0.tgz#0f5c252e48d208773d60861ce39d2b5ef20880be"
    dependencies:
      "@aws-sdk/querystring-parser" "3.23.0"
      "@aws-sdk/types" "3.22.0"
      tslib "^2.3.0"
  
  "@aws-sdk/url-parser@3.25.0":
    version "3.25.0"
    resolved "https://registry.yarnpkg.com/@aws-sdk/url-parser/-/url-parser-3.25.0.tgz#668c7d9d4bc21854c10bfb8bdf762a9206776fae"
    dependencies:
      "@aws-sdk/querystring-parser" "3.25.0"
      "@aws-sdk/types" "3.25.0"
      tslib "^2.3.0"
  
  "@aws-sdk/util-base64-browser@3.23.0":
    version "3.23.0"
    resolved "https://registry.yarnpkg.com/@aws-sdk/util-base64-browser/-/util-base64-browser-3.23.0.tgz#61594ac9529756361c81ece287548ab5b8c5a768"
    dependencies:
      tslib "^2.3.0"
  
  "@aws-sdk/util-base64-node@3.23.0":
    version "3.23.0"
    resolved "https://registry.yarnpkg.com/@aws-sdk/util-base64-node/-/util-base64-node-3.23.0.tgz#d0da9ed6b8aaa7513ba4b36a20b4794c72c074ce"
    dependencies:
      "@aws-sdk/util-buffer-from" "3.23.0"
      tslib "^2.3.0"
  
  "@aws-sdk/util-body-length-browser@3.23.0":
    version "3.23.0"
    resolved "https://registry.yarnpkg.com/@aws-sdk/util-body-length-browser/-/util-body-length-browser-3.23.0.tgz#1a5c5e7ea5e15d93bd178021c54d2ea41faeb1cd"
    dependencies:
      tslib "^2.3.0"
  
  "@aws-sdk/util-body-length-node@3.23.0":
    version "3.23.0"
    resolved "https://registry.yarnpkg.com/@aws-sdk/util-body-length-node/-/util-body-length-node-3.23.0.tgz#2a7890b4fa6de78a042db9537a67f90ccb2a3034"
    dependencies:
      tslib "^2.3.0"
  
  "@aws-sdk/util-buffer-from@3.23.0":
    version "3.23.0"
    resolved "https://registry.yarnpkg.com/@aws-sdk/util-buffer-from/-/util-buffer-from-3.23.0.tgz#3bc02f50c6e8a5c2b9db61faeb3bebc9de701c3b"
    dependencies:
      "@aws-sdk/is-array-buffer" "3.23.0"
      tslib "^2.3.0"
  
  "@aws-sdk/util-credentials@3.23.0":
    version "3.23.0"
    resolved "https://registry.yarnpkg.com/@aws-sdk/util-credentials/-/util-credentials-3.23.0.tgz#6b3138c3853c72adc93c3f57e8fb28f58ffdc364"
    dependencies:
      "@aws-sdk/shared-ini-file-loader" "3.23.0"
      tslib "^2.3.0"
  
  "@aws-sdk/util-dynamodb@^3.23.0":
    version "3.23.0"
    resolved "https://registry.yarnpkg.com/@aws-sdk/util-dynamodb/-/util-dynamodb-3.23.0.tgz#c53149e23eb9ce8c4b6d57a5eed99b481d3b30e8"
    dependencies:
      tslib "^2.3.0"
  
  "@aws-sdk/util-hex-encoding@3.23.0":
    version "3.23.0"
    resolved "https://registry.yarnpkg.com/@aws-sdk/util-hex-encoding/-/util-hex-encoding-3.23.0.tgz#a8de34faf9e51dd4be379be0e9d3bdc093ae6bf4"
    dependencies:
      tslib "^2.3.0"
  
  "@aws-sdk/util-locate-window@^3.0.0":
    version "3.23.0"
    resolved "https://registry.yarnpkg.com/@aws-sdk/util-locate-window/-/util-locate-window-3.23.0.tgz#e9bf2a023dce2ea1d13ec2e8c7c92abb333a1442"
    dependencies:
      tslib "^2.3.0"
  
  "@aws-sdk/util-uri-escape@3.23.0":
    version "3.23.0"
    resolved "https://registry.yarnpkg.com/@aws-sdk/util-uri-escape/-/util-uri-escape-3.23.0.tgz#52539674966eb456d65408d9028ed114e94dfd49"
    dependencies:
      tslib "^2.3.0"
  
  "@aws-sdk/util-user-agent-browser@3.23.0":
    version "3.23.0"
    resolved "https://registry.yarnpkg.com/@aws-sdk/util-user-agent-browser/-/util-user-agent-browser-3.23.0.tgz#b56520071e2c0fea259e4c797ed69bc7ebcbd474"
    dependencies:
      "@aws-sdk/types" "3.22.0"
      bowser "^2.11.0"
      tslib "^2.3.0"
  
  "@aws-sdk/util-user-agent-browser@3.25.0":
    version "3.25.0"
    resolved "https://registry.yarnpkg.com/@aws-sdk/util-user-agent-browser/-/util-user-agent-browser-3.25.0.tgz#a0f480f1a5b10350370643445b09413102187935"
    dependencies:
      "@aws-sdk/types" "3.25.0"
      bowser "^2.11.0"
      tslib "^2.3.0"
  
  "@aws-sdk/util-user-agent-node@3.23.0":
    version "3.23.0"
    resolved "https://registry.yarnpkg.com/@aws-sdk/util-user-agent-node/-/util-user-agent-node-3.23.0.tgz#e0493c275bd310c6283cf52d57a7f5ba6ff995e0"
    dependencies:
      "@aws-sdk/node-config-provider" "3.23.0"
      "@aws-sdk/types" "3.22.0"
      tslib "^2.3.0"
  
  "@aws-sdk/util-user-agent-node@3.25.0":
    version "3.25.0"
    resolved "https://registry.yarnpkg.com/@aws-sdk/util-user-agent-node/-/util-user-agent-node-3.25.0.tgz#db22cb64893c4635adf17086c5cb4a5070c4ac16"
    dependencies:
      "@aws-sdk/node-config-provider" "3.25.0"
      "@aws-sdk/types" "3.25.0"
      tslib "^2.3.0"
  
  "@aws-sdk/util-utf8-browser@3.23.0", "@aws-sdk/util-utf8-browser@^3.0.0":
    version "3.23.0"
    resolved "https://registry.yarnpkg.com/@aws-sdk/util-utf8-browser/-/util-utf8-browser-3.23.0.tgz#dff7e891c67936de677b7d7a6c796e5c2e1b1510"
    dependencies:
      tslib "^2.3.0"
  
  "@aws-sdk/util-utf8-node@3.23.0":
    version "3.23.0"
    resolved "https://registry.yarnpkg.com/@aws-sdk/util-utf8-node/-/util-utf8-node-3.23.0.tgz#9f9fe76745c79c8a148f15d78e9a5c03d2bf0441"
    dependencies:
      "@aws-sdk/util-buffer-from" "3.23.0"
      tslib "^2.3.0"
  
  "@aws-sdk/util-waiter@3.23.0":
    version "3.23.0"
    resolved "https://registry.yarnpkg.com/@aws-sdk/util-waiter/-/util-waiter-3.23.0.tgz#f34f64835ded74b884d8b1c2dbcd2e281ec21a23"
    dependencies:
      "@aws-sdk/abort-controller" "3.23.0"
      "@aws-sdk/types" "3.22.0"
      tslib "^2.3.0"
  
  "@aws-sdk/util-waiter@3.25.0":
    version "3.25.0"
    resolved "https://registry.yarnpkg.com/@aws-sdk/util-waiter/-/util-waiter-3.25.0.tgz#cd2252c99f335e461134f55c3b7eb89ef6893dca"
    dependencies:
      "@aws-sdk/abort-controller" "3.25.0"
      "@aws-sdk/types" "3.25.0"
      tslib "^2.3.0"
  
  "@ungap/promise-all-settled@1.1.2":
    version "1.1.2"
    resolved "https://registry.yarnpkg.com/@ungap/promise-all-settled/-/promise-all-settled-1.1.2.tgz#aa58042711d6e3275dd37dc597e5d31e8c290a44"
  
  ansi-colors@4.1.1:
    version "4.1.1"
    resolved "https://registry.yarnpkg.com/ansi-colors/-/ansi-colors-4.1.1.tgz#cbb9ae256bf750af1eab344f229aa27fe94ba348"
  
  ansi-regex@^3.0.0:
    version "3.0.0"
    resolved "https://registry.yarnpkg.com/ansi-regex/-/ansi-regex-3.0.0.tgz#ed0317c322064f79466c02966bddb605ab37d998"
  
  ansi-regex@^5.0.0:
    version "5.0.0"
    resolved "https://registry.yarnpkg.com/ansi-regex/-/ansi-regex-5.0.0.tgz#388539f55179bf39339c81af30a654d69f87cb75"
  
  ansi-styles@^4.0.0, ansi-styles@^4.1.0:
    version "4.3.0"
    resolved "https://registry.yarnpkg.com/ansi-styles/-/ansi-styles-4.3.0.tgz#edd803628ae71c04c85ae7a0906edad34b648937"
    dependencies:
      color-convert "^2.0.1"
  
  anymatch@~3.1.2:
    version "3.1.2"
    resolved "https://registry.yarnpkg.com/anymatch/-/anymatch-3.1.2.tgz#c0557c096af32f106198f4f4e2a383537e378716"
    dependencies:
      normalize-path "^3.0.0"
      picomatch "^2.0.4"
  
  argparse@^2.0.1:
    version "2.0.1"
    resolved "https://registry.yarnpkg.com/argparse/-/argparse-2.0.1.tgz#246f50f3ca78a3240f6c997e8a9bd1eac49e4b38"
  
  assertion-error@^1.1.0:
    version "1.1.0"
    resolved "https://registry.yarnpkg.com/assertion-error/-/assertion-error-1.1.0.tgz#e60b6b0e8f301bd97e5375215bda406c85118c0b"
  
  axios@^0.21.1:
    version "0.21.1"
    resolved "https://registry.yarnpkg.com/axios/-/axios-0.21.1.tgz#22563481962f4d6bde9a76d516ef0e5d3c09b2b8"
    dependencies:
      follow-redirects "^1.10.0"
  
  balanced-match@^1.0.0:
    version "1.0.2"
    resolved "https://registry.yarnpkg.com/balanced-match/-/balanced-match-1.0.2.tgz#e83e3a7e3f300b34cb9d87f615fa0cbf357690ee"
  
  binary-extensions@^2.0.0:
    version "2.2.0"
    resolved "https://registry.yarnpkg.com/binary-extensions/-/binary-extensions-2.2.0.tgz#75f502eeaf9ffde42fc98829645be4ea76bd9e2d"
  
  bluebird@^3.4.7:
    version "3.7.2"
    resolved "https://registry.yarnpkg.com/bluebird/-/bluebird-3.7.2.tgz#9f229c15be272454ffa973ace0dbee79a1b0c36f"
  
  bowser@^2.11.0:
    version "2.11.0"
    resolved "https://registry.yarnpkg.com/bowser/-/bowser-2.11.0.tgz#5ca3c35757a7aa5771500c70a73a9f91ef420a8f"
  
  brace-expansion@^1.1.7:
    version "1.1.11"
    resolved "https://registry.yarnpkg.com/brace-expansion/-/brace-expansion-1.1.11.tgz#3c7fcbf529d87226f3d2f52b966ff5271eb441dd"
    dependencies:
      balanced-match "^1.0.0"
      concat-map "0.0.1"
  
  braces@~3.0.2:
    version "3.0.2"
    resolved "https://registry.yarnpkg.com/braces/-/braces-3.0.2.tgz#3454e1a462ee8d599e236df336cd9ea4f8afe107"
    dependencies:
      fill-range "^7.0.1"
  
  browser-stdout@1.3.1:
    version "1.3.1"
    resolved "https://registry.yarnpkg.com/browser-stdout/-/browser-stdout-1.3.1.tgz#baa559ee14ced73452229bad7326467c61fabd60"
  
  buffer-equal-constant-time@1.0.1:
    version "1.0.1"
    resolved "https://registry.yarnpkg.com/buffer-equal-constant-time/-/buffer-equal-constant-time-1.0.1.tgz#f8e71132f7ffe6e01a5c9697a4c6f3e48d5cc819"
  
  camelcase@^6.0.0:
    version "6.2.0"
    resolved "https://registry.yarnpkg.com/camelcase/-/camelcase-6.2.0.tgz#924af881c9d525ac9d87f40d964e5cea982a1809"
  
  chai@^4.3.4:
    version "4.3.4"
    resolved "https://registry.yarnpkg.com/chai/-/chai-4.3.4.tgz#b55e655b31e1eac7099be4c08c21964fce2e6c49"
    dependencies:
      assertion-error "^1.1.0"
      check-error "^1.0.2"
      deep-eql "^3.0.1"
      get-func-name "^2.0.0"
      pathval "^1.1.1"
      type-detect "^4.0.5"
  
  chalk@^4.1.0:
    version "4.1.2"
    resolved "https://registry.yarnpkg.com/chalk/-/chalk-4.1.2.tgz#aac4e2b7734a740867aeb16bf02aad556a1e7a01"
    dependencies:
      ansi-styles "^4.1.0"
      supports-color "^7.1.0"
  
  check-error@^1.0.2:
    version "1.0.2"
    resolved "https://registry.yarnpkg.com/check-error/-/check-error-1.0.2.tgz#574d312edd88bb5dd8912e9286dd6c0aed4aac82"
  
  chokidar@3.5.2:
    version "3.5.2"
    resolved "https://registry.yarnpkg.com/chokidar/-/chokidar-3.5.2.tgz#dba3976fcadb016f66fd365021d91600d01c1e75"
    dependencies:
      anymatch "~3.1.2"
      braces "~3.0.2"
      glob-parent "~5.1.2"
      is-binary-path "~2.1.0"
      is-glob "~4.0.1"
      normalize-path "~3.0.0"
      readdirp "~3.6.0"
    optionalDependencies:
      fsevents "~2.3.2"
  
  cliui@^7.0.2:
    version "7.0.4"
    resolved "https://registry.yarnpkg.com/cliui/-/cliui-7.0.4.tgz#a0265ee655476fc807aea9df3df8df7783808b4f"
    dependencies:
      string-width "^4.2.0"
      strip-ansi "^6.0.0"
      wrap-ansi "^7.0.0"
  
  clone@2.x:
    version "2.1.2"
    resolved "https://registry.yarnpkg.com/clone/-/clone-2.1.2.tgz#1b7f4b9f591f1e8f83670401600345a02887435f"
  
  color-convert@^2.0.1:
    version "2.0.1"
    resolved "https://registry.yarnpkg.com/color-convert/-/color-convert-2.0.1.tgz#72d3a68d598c9bdb3af2ad1e84f21d896abd4de3"
    dependencies:
      color-name "~1.1.4"
  
  color-name@~1.1.4:
    version "1.1.4"
    resolved "https://registry.yarnpkg.com/color-name/-/color-name-1.1.4.tgz#c2a09a87acbde69543de6f63fa3995c826c536a2"
  
  concat-map@0.0.1:
    version "0.0.1"
    resolved "https://registry.yarnpkg.com/concat-map/-/concat-map-0.0.1.tgz#d8a96bd77fd68df7793a73036a3ba0d5405d477b"
  
  debug@4.3.1:
    version "4.3.1"
    resolved "https://registry.yarnpkg.com/debug/-/debug-4.3.1.tgz#f0d229c505e0c6d8c49ac553d1b13dc183f6b2ee"
    dependencies:
      ms "2.1.2"
  
  decamelize@^4.0.0:
    version "4.0.0"
    resolved "https://registry.yarnpkg.com/decamelize/-/decamelize-4.0.0.tgz#aa472d7bf660eb15f3494efd531cab7f2a709837"
  
  deep-eql@^3.0.1:
    version "3.0.1"
    resolved "https://registry.yarnpkg.com/deep-eql/-/deep-eql-3.0.1.tgz#dfc9404400ad1c8fe023e7da1df1c147c4b444df"
    dependencies:
      type-detect "^4.0.0"
  
  diff@5.0.0:
    version "5.0.0"
    resolved "https://registry.yarnpkg.com/diff/-/diff-5.0.0.tgz#7ed6ad76d859d030787ec35855f5b1daf31d852b"
  
  dotenv@^10.0.0:
    version "10.0.0"
    resolved "https://registry.yarnpkg.com/dotenv/-/dotenv-10.0.0.tgz#3d4227b8fb95f81096cdd2b66653fb2c7085ba81"
  
  ecdsa-sig-formatter@1.0.11:
    version "1.0.11"
    resolved "https://registry.yarnpkg.com/ecdsa-sig-formatter/-/ecdsa-sig-formatter-1.0.11.tgz#ae0f0fa2d85045ef14a817daa3ce9acd0489e5bf"
    dependencies:
      safe-buffer "^5.0.1"
  
  emoji-regex@^8.0.0:
    version "8.0.0"
    resolved "https://registry.yarnpkg.com/emoji-regex/-/emoji-regex-8.0.0.tgz#e818fd69ce5ccfcb404594f842963bf53164cc37"
  
  entities@2.2.0:
    version "2.2.0"
    resolved "https://registry.yarnpkg.com/entities/-/entities-2.2.0.tgz#098dc90ebb83d8dffa089d55256b351d34c4da55"
  
  escalade@^3.1.1:
    version "3.1.1"
    resolved "https://registry.yarnpkg.com/escalade/-/escalade-3.1.1.tgz#d8cfdc7000965c5a0174b4a82eaa5c0552742e40"
  
  escape-string-regexp@4.0.0:
    version "4.0.0"
    resolved "https://registry.yarnpkg.com/escape-string-regexp/-/escape-string-regexp-4.0.0.tgz#14ba83a5d373e3d311e5afca29cf5bfad965bf34"
  
  fast-xml-parser@3.19.0:
    version "3.19.0"
    resolved "https://registry.yarnpkg.com/fast-xml-parser/-/fast-xml-parser-3.19.0.tgz#cb637ec3f3999f51406dd8ff0e6fc4d83e520d01"
  
  fill-range@^7.0.1:
    version "7.0.1"
    resolved "https://registry.yarnpkg.com/fill-range/-/fill-range-7.0.1.tgz#1919a6a7c75fe38b2c7c77e5198535da9acdda40"
    dependencies:
      to-regex-range "^5.0.1"
  
  find-up@5.0.0:
    version "5.0.0"
    resolved "https://registry.yarnpkg.com/find-up/-/find-up-5.0.0.tgz#4c92819ecb7083561e4f4a240a86be5198f536fc"
    dependencies:
      locate-path "^6.0.0"
      path-exists "^4.0.0"
  
  flat@^5.0.2:
    version "5.0.2"
    resolved "https://registry.yarnpkg.com/flat/-/flat-5.0.2.tgz#8ca6fe332069ffa9d324c327198c598259ceb241"
  
  follow-redirects@^1.10.0:
    version "1.14.1"
    resolved "https://registry.yarnpkg.com/follow-redirects/-/follow-redirects-1.14.1.tgz#d9114ded0a1cfdd334e164e6662ad02bfd91ff43"
  
  fs.realpath@^1.0.0:
    version "1.0.0"
    resolved "https://registry.yarnpkg.com/fs.realpath/-/fs.realpath-1.0.0.tgz#1504ad2523158caa40db4a2787cb01411994ea4f"
  
  fsevents@~2.3.2:
    version "2.3.2"
    resolved "https://registry.yarnpkg.com/fsevents/-/fsevents-2.3.2.tgz#8a526f78b8fdf4623b709e0b975c52c24c02fd1a"
  
  get-caller-file@^2.0.5:
    version "2.0.5"
    resolved "https://registry.yarnpkg.com/get-caller-file/-/get-caller-file-2.0.5.tgz#4f94412a82db32f36e3b0b9741f8a97feb031f7e"
  
  get-func-name@^2.0.0:
    version "2.0.0"
    resolved "https://registry.yarnpkg.com/get-func-name/-/get-func-name-2.0.0.tgz#ead774abee72e20409433a066366023dd6887a41"
  
  glob-parent@~5.1.2:
    version "5.1.2"
    resolved "https://registry.yarnpkg.com/glob-parent/-/glob-parent-5.1.2.tgz#869832c58034fe68a4093c17dc15e8340d8401c4"
    dependencies:
      is-glob "^4.0.1"
  
  glob@7.1.7:
    version "7.1.7"
    resolved "https://registry.yarnpkg.com/glob/-/glob-7.1.7.tgz#3b193e9233f01d42d0b3f78294bbeeb418f94a90"
    dependencies:
      fs.realpath "^1.0.0"
      inflight "^1.0.4"
      inherits "2"
      minimatch "^3.0.4"
      once "^1.3.0"
      path-is-absolute "^1.0.0"
  
  growl@1.10.5:
    version "1.10.5"
    resolved "https://registry.yarnpkg.com/growl/-/growl-1.10.5.tgz#f2735dc2283674fa67478b10181059355c369e5e"
  
  has-flag@^4.0.0:
    version "4.0.0"
    resolved "https://registry.yarnpkg.com/has-flag/-/has-flag-4.0.0.tgz#944771fd9c81c81265c4d6941860da06bb59479b"
  
  he@1.2.0:
    version "1.2.0"
    resolved "https://registry.yarnpkg.com/he/-/he-1.2.0.tgz#84ae65fa7eafb165fddb61566ae14baf05664f0f"
  
  http@^0.0.1-security:
    version "0.0.1-security"
    resolved "https://registry.yarnpkg.com/http/-/http-0.0.1-security.tgz#3aac09129d12dc2747bbce4157afde20ad1f7995"
  
  https@^1.0.0:
    version "1.0.0"
    resolved "https://registry.yarnpkg.com/https/-/https-1.0.0.tgz#3c37c7ae1a8eeb966904a2ad1e975a194b7ed3a4"
  
  inflight@^1.0.4:
    version "1.0.6"
    resolved "https://registry.yarnpkg.com/inflight/-/inflight-1.0.6.tgz#49bd6331d7d02d0c09bc910a1075ba8165b56df9"
    dependencies:
      once "^1.3.0"
      wrappy "1"
  
  inherits@2:
    version "2.0.4"
    resolved "https://registry.yarnpkg.com/inherits/-/inherits-2.0.4.tgz#0fa2c64f932917c3433a0ded55363aae37416b7c"
  
  is-binary-path@~2.1.0:
    version "2.1.0"
    resolved "https://registry.yarnpkg.com/is-binary-path/-/is-binary-path-2.1.0.tgz#ea1f7f3b80f064236e83470f86c09c254fb45b09"
    dependencies:
      binary-extensions "^2.0.0"
  
  is-extglob@^2.1.1:
    version "2.1.1"
    resolved "https://registry.yarnpkg.com/is-extglob/-/is-extglob-2.1.1.tgz#a88c02535791f02ed37c76a1b9ea9773c833f8c2"
  
  is-fullwidth-code-point@^2.0.0:
    version "2.0.0"
    resolved "https://registry.yarnpkg.com/is-fullwidth-code-point/-/is-fullwidth-code-point-2.0.0.tgz#a3b30a5c4f199183167aaab93beefae3ddfb654f"
  
  is-fullwidth-code-point@^3.0.0:
    version "3.0.0"
    resolved "https://registry.yarnpkg.com/is-fullwidth-code-point/-/is-fullwidth-code-point-3.0.0.tgz#f116f8064fe90b3f7844a38997c0b75051269f1d"
  
  is-glob@^4.0.1, is-glob@~4.0.1:
    version "4.0.1"
    resolved "https://registry.yarnpkg.com/is-glob/-/is-glob-4.0.1.tgz#7567dbe9f2f5e2467bc77ab83c4a29482407a5dc"
    dependencies:
      is-extglob "^2.1.1"
  
  is-number@^7.0.0:
    version "7.0.0"
    resolved "https://registry.yarnpkg.com/is-number/-/is-number-7.0.0.tgz#7535345b896734d5f80c4d06c50955527a14f12b"
  
  is-plain-obj@^2.1.0:
    version "2.1.0"
    resolved "https://registry.yarnpkg.com/is-plain-obj/-/is-plain-obj-2.1.0.tgz#45e42e37fccf1f40da8e5f76ee21515840c09287"
  
  is-unicode-supported@^0.1.0:
    version "0.1.0"
    resolved "https://registry.yarnpkg.com/is-unicode-supported/-/is-unicode-supported-0.1.0.tgz#3f26c76a809593b52bfa2ecb5710ed2779b522a7"
  
  isexe@^2.0.0:
    version "2.0.0"
    resolved "https://registry.yarnpkg.com/isexe/-/isexe-2.0.0.tgz#e8fbf374dc556ff8947a10dcb0572d633f2cfa10"
  
  js-yaml@4.1.0:
    version "4.1.0"
    resolved "https://registry.yarnpkg.com/js-yaml/-/js-yaml-4.1.0.tgz#c1fb65f8f5017901cdd2c951864ba18458a10602"
    dependencies:
      argparse "^2.0.1"
  
  jsonwebtoken@^8.5.1:
    version "8.5.1"
    resolved "https://registry.yarnpkg.com/jsonwebtoken/-/jsonwebtoken-8.5.1.tgz#00e71e0b8df54c2121a1f26137df2280673bcc0d"
    dependencies:
      jws "^3.2.2"
      lodash.includes "^4.3.0"
      lodash.isboolean "^3.0.3"
      lodash.isinteger "^4.0.4"
      lodash.isnumber "^3.0.3"
      lodash.isplainobject "^4.0.6"
      lodash.isstring "^4.0.1"
      lodash.once "^4.0.0"
      ms "^2.1.1"
      semver "^5.6.0"
  
  jwa@^1.4.1:
    version "1.4.1"
    resolved "https://registry.yarnpkg.com/jwa/-/jwa-1.4.1.tgz#743c32985cb9e98655530d53641b66c8645b039a"
    dependencies:
      buffer-equal-constant-time "1.0.1"
      ecdsa-sig-formatter "1.0.11"
      safe-buffer "^5.0.1"
  
  jws@^3.2.2:
    version "3.2.2"
    resolved "https://registry.yarnpkg.com/jws/-/jws-3.2.2.tgz#001099f3639468c9414000e99995fa52fb478304"
    dependencies:
      jwa "^1.4.1"
      safe-buffer "^5.0.1"
  
  locate-path@^6.0.0:
    version "6.0.0"
    resolved "https://registry.yarnpkg.com/locate-path/-/locate-path-6.0.0.tgz#55321eb309febbc59c4801d931a72452a681d286"
    dependencies:
      p-locate "^5.0.0"
  
  lodash.includes@^4.3.0:
    version "4.3.0"
    resolved "https://registry.yarnpkg.com/lodash.includes/-/lodash.includes-4.3.0.tgz#60bb98a87cb923c68ca1e51325483314849f553f"
  
  lodash.isboolean@^3.0.3:
    version "3.0.3"
    resolved "https://registry.yarnpkg.com/lodash.isboolean/-/lodash.isboolean-3.0.3.tgz#6c2e171db2a257cd96802fd43b01b20d5f5870f6"
  
  lodash.isinteger@^4.0.4:
    version "4.0.4"
    resolved "https://registry.yarnpkg.com/lodash.isinteger/-/lodash.isinteger-4.0.4.tgz#619c0af3d03f8b04c31f5882840b77b11cd68343"
  
  lodash.isnumber@^3.0.3:
    version "3.0.3"
    resolved "https://registry.yarnpkg.com/lodash.isnumber/-/lodash.isnumber-3.0.3.tgz#3ce76810c5928d03352301ac287317f11c0b1ffc"
  
  lodash.isplainobject@^4.0.6:
    version "4.0.6"
    resolved "https://registry.yarnpkg.com/lodash.isplainobject/-/lodash.isplainobject-4.0.6.tgz#7c526a52d89b45c45cc690b88163be0497f550cb"
  
  lodash.isstring@^4.0.1:
    version "4.0.1"
    resolved "https://registry.yarnpkg.com/lodash.isstring/-/lodash.isstring-4.0.1.tgz#d527dfb5456eca7cc9bb95d5daeaf88ba54a5451"
  
  lodash.once@^4.0.0:
    version "4.1.1"
    resolved "https://registry.yarnpkg.com/lodash.once/-/lodash.once-4.1.1.tgz#0dd3971213c7c56df880977d504c88fb471a97ac"
  
  lodash@^4.17.21:
    version "4.17.21"
    resolved "https://registry.yarnpkg.com/lodash/-/lodash-4.17.21.tgz#679591c564c3bffaae8454cf0b3df370c3d6911c"
  
  log-symbols@4.1.0:
    version "4.1.0"
    resolved "https://registry.yarnpkg.com/log-symbols/-/log-symbols-4.1.0.tgz#3fbdbb95b4683ac9fc785111e792e558d4abd503"
    dependencies:
      chalk "^4.1.0"
      is-unicode-supported "^0.1.0"
  
  minimatch@3.0.4, minimatch@^3.0.4:
    version "3.0.4"
    resolved "https://registry.yarnpkg.com/minimatch/-/minimatch-3.0.4.tgz#5166e286457f03306064be5497e8dbb0c3d32083"
    dependencies:
      brace-expansion "^1.1.7"
  
  mnemonist@0.38.3:
    version "0.38.3"
    resolved "https://registry.yarnpkg.com/mnemonist/-/mnemonist-0.38.3.tgz#35ec79c1c1f4357cfda2fe264659c2775ccd7d9d"
    dependencies:
      obliterator "^1.6.1"
  
  mocha@^9.0.3:
    version "9.0.3"
    resolved "https://registry.yarnpkg.com/mocha/-/mocha-9.0.3.tgz#128cd6bbd3ee0adcdaef715f357f76ec1e6227c7"
    dependencies:
      "@ungap/promise-all-settled" "1.1.2"
      ansi-colors "4.1.1"
      browser-stdout "1.3.1"
      chokidar "3.5.2"
      debug "4.3.1"
      diff "5.0.0"
      escape-string-regexp "4.0.0"
      find-up "5.0.0"
      glob "7.1.7"
      growl "1.10.5"
      he "1.2.0"
      js-yaml "4.1.0"
      log-symbols "4.1.0"
      minimatch "3.0.4"
      ms "2.1.3"
      nanoid "3.1.23"
      serialize-javascript "6.0.0"
      strip-json-comments "3.1.1"
      supports-color "8.1.1"
      which "2.0.2"
      wide-align "1.1.3"
      workerpool "6.1.5"
      yargs "16.2.0"
      yargs-parser "20.2.4"
      yargs-unparser "2.0.0"
  
  moment@^2.29.1:
    version "2.29.1"
    resolved "https://registry.yarnpkg.com/moment/-/moment-2.29.1.tgz#b2be769fa31940be9eeea6469c075e35006fa3d3"
  
  ms@2.1.2:
    version "2.1.2"
    resolved "https://registry.yarnpkg.com/ms/-/ms-2.1.2.tgz#d09d1f357b443f493382a8eb3ccd183872ae6009"
  
  ms@2.1.3, ms@^2.1.1:
    version "2.1.3"
    resolved "https://registry.yarnpkg.com/ms/-/ms-2.1.3.tgz#574c8138ce1d2b5861f0b44579dbadd60c6615b2"
  
  nanoid@3.1.23:
    version "3.1.23"
    resolved "https://registry.yarnpkg.com/nanoid/-/nanoid-3.1.23.tgz#f744086ce7c2bc47ee0a8472574d5c78e4183a81"
  
  node-cache@^5.1.2:
    version "5.1.2"
    resolved "https://registry.yarnpkg.com/node-cache/-/node-cache-5.1.2.tgz#f264dc2ccad0a780e76253a694e9fd0ed19c398d"
    dependencies:
      clone "2.x"
  
  normalize-path@^3.0.0, normalize-path@~3.0.0:
    version "3.0.0"
    resolved "https://registry.yarnpkg.com/normalize-path/-/normalize-path-3.0.0.tgz#0dcd69ff23a1c9b11fd0978316644a0388216a65"
  
  object-path@^0.11.5:
    version "0.11.5"
    resolved "https://registry.yarnpkg.com/object-path/-/object-path-0.11.5.tgz#d4e3cf19601a5140a55a16ad712019a9c50b577a"
  
  obliterator@^1.6.1:
    version "1.6.1"
    resolved "https://registry.yarnpkg.com/obliterator/-/obliterator-1.6.1.tgz#dea03e8ab821f6c4d96a299e17aef6a3af994ef3"
  
  once@^1.3.0:
    version "1.4.0"
    resolved "https://registry.yarnpkg.com/once/-/once-1.4.0.tgz#583b1aa775961d4b113ac17d9c50baef9dd76bd1"
    dependencies:
      wrappy "1"
  
  p-limit@^3.0.2:
    version "3.1.0"
    resolved "https://registry.yarnpkg.com/p-limit/-/p-limit-3.1.0.tgz#e1daccbe78d0d1388ca18c64fea38e3e57e3706b"
    dependencies:
      yocto-queue "^0.1.0"
  
  p-locate@^5.0.0:
    version "5.0.0"
    resolved "https://registry.yarnpkg.com/p-locate/-/p-locate-5.0.0.tgz#83c8315c6785005e3bd021839411c9e110e6d834"
    dependencies:
      p-limit "^3.0.2"
  
  path-exists@^4.0.0:
    version "4.0.0"
    resolved "https://registry.yarnpkg.com/path-exists/-/path-exists-4.0.0.tgz#513bdbe2d3b95d7762e8c1137efa195c6c61b5b3"
  
  path-is-absolute@^1.0.0:
    version "1.0.1"
    resolved "https://registry.yarnpkg.com/path-is-absolute/-/path-is-absolute-1.0.1.tgz#174b9268735534ffbc7ace6bf53a5a9e1b5c5f5f"
  
  pathval@^1.1.1:
    version "1.1.1"
    resolved "https://registry.yarnpkg.com/pathval/-/pathval-1.1.1.tgz#8534e77a77ce7ac5a2512ea21e0fdb8fcf6c3d8d"
  
  percentile@^1.5.0:
    version "1.5.0"
    resolved "https://registry.yarnpkg.com/percentile/-/percentile-1.5.0.tgz#6af7edebbe2578348ba81c4ebefd851b937dc130"
  
  picomatch@^2.0.4, picomatch@^2.2.1:
    version "2.3.0"
    resolved "https://registry.yarnpkg.com/picomatch/-/picomatch-2.3.0.tgz#f1f061de8f6a4bf022892e2d128234fb98302972"
  
  randombytes@^2.1.0:
    version "2.1.0"
    resolved "https://registry.yarnpkg.com/randombytes/-/randombytes-2.1.0.tgz#df6f84372f0270dc65cdf6291349ab7a473d4f2a"
    dependencies:
      safe-buffer "^5.1.0"
  
  readdirp@~3.6.0:
    version "3.6.0"
    resolved "https://registry.yarnpkg.com/readdirp/-/readdirp-3.6.0.tgz#74a370bd857116e245b29cc97340cd431a02a6c7"
    dependencies:
      picomatch "^2.2.1"
  
  require-directory@^2.1.1:
    version "2.1.1"
    resolved "https://registry.yarnpkg.com/require-directory/-/require-directory-2.1.1.tgz#8c64ad5fd30dab1c976e2344ffe7f792a6a6df42"
  
  safe-buffer@^5.0.1, safe-buffer@^5.1.0:
    version "5.2.1"
    resolved "https://registry.yarnpkg.com/safe-buffer/-/safe-buffer-5.2.1.tgz#1eaf9fa9bdb1fdd4ec75f58f9cdb4e6b7827eec6"
  
  scmp@2.0.0:
    version "2.0.0"
    resolved "https://registry.yarnpkg.com/scmp/-/scmp-2.0.0.tgz#247110ef22ccf897b13a3f0abddb52782393cd6a"
  
  semver@^5.6.0:
    version "5.7.1"
    resolved "https://registry.yarnpkg.com/semver/-/semver-5.7.1.tgz#a954f931aeba508d307bbf069eff0c01c96116f7"
  
  serialize-javascript@6.0.0:
    version "6.0.0"
    resolved "https://registry.yarnpkg.com/serialize-javascript/-/serialize-javascript-6.0.0.tgz#efae5d88f45d7924141da8b5c3a7a7e663fefeb8"
    dependencies:
      randombytes "^2.1.0"
  
  serverless-prune-plugin@^1.5.1:
    version "1.5.1"
    resolved "https://registry.yarnpkg.com/serverless-prune-plugin/-/serverless-prune-plugin-1.5.1.tgz#a628551151228eeee8da2f454d0b062d9c1dda40"
    dependencies:
      bluebird "^3.4.7"
  
  should-equal@^2.0.0:
    version "2.0.0"
    resolved "https://registry.yarnpkg.com/should-equal/-/should-equal-2.0.0.tgz#6072cf83047360867e68e98b09d71143d04ee0c3"
    dependencies:
      should-type "^1.4.0"
  
  should-format@^3.0.3:
    version "3.0.3"
    resolved "https://registry.yarnpkg.com/should-format/-/should-format-3.0.3.tgz#9bfc8f74fa39205c53d38c34d717303e277124f1"
    dependencies:
      should-type "^1.3.0"
      should-type-adaptors "^1.0.1"
  
  should-type-adaptors@^1.0.1:
    version "1.1.0"
    resolved "https://registry.yarnpkg.com/should-type-adaptors/-/should-type-adaptors-1.1.0.tgz#401e7f33b5533033944d5cd8bf2b65027792e27a"
    dependencies:
      should-type "^1.3.0"
      should-util "^1.0.0"
  
  should-type@^1.3.0, should-type@^1.4.0:
    version "1.4.0"
    resolved "https://registry.yarnpkg.com/should-type/-/should-type-1.4.0.tgz#0756d8ce846dfd09843a6947719dfa0d4cff5cf3"
  
  should-util@^1.0.0:
    version "1.0.1"
    resolved "https://registry.yarnpkg.com/should-util/-/should-util-1.0.1.tgz#fb0d71338f532a3a149213639e2d32cbea8bcb28"
  
  should@^13.2.3:
    version "13.2.3"
    resolved "https://registry.yarnpkg.com/should/-/should-13.2.3.tgz#96d8e5acf3e97b49d89b51feaa5ae8d07ef58f10"
    dependencies:
      should-equal "^2.0.0"
      should-format "^3.0.3"
      should-type "^1.4.0"
      should-type-adaptors "^1.0.1"
      should-util "^1.0.0"
  
  simple-encryptor@^4.0.0:
    version "4.0.0"
    resolved "https://registry.yarnpkg.com/simple-encryptor/-/simple-encryptor-4.0.0.tgz#aac74b12c365879115ed683c05e17c235a457cc8"
    dependencies:
      scmp "2.0.0"
  
  "string-width@^1.0.2 || 2":
    version "2.1.1"
    resolved "https://registry.yarnpkg.com/string-width/-/string-width-2.1.1.tgz#ab93f27a8dc13d28cac815c462143a6d9012ae9e"
    dependencies:
      is-fullwidth-code-point "^2.0.0"
      strip-ansi "^4.0.0"
  
  string-width@^4.1.0, string-width@^4.2.0:
    version "4.2.2"
    resolved "https://registry.yarnpkg.com/string-width/-/string-width-4.2.2.tgz#dafd4f9559a7585cfba529c6a0a4f73488ebd4c5"
    dependencies:
      emoji-regex "^8.0.0"
      is-fullwidth-code-point "^3.0.0"
      strip-ansi "^6.0.0"
  
  strip-ansi@^4.0.0:
    version "4.0.0"
    resolved "https://registry.yarnpkg.com/strip-ansi/-/strip-ansi-4.0.0.tgz#a8479022eb1ac368a871389b635262c505ee368f"
    dependencies:
      ansi-regex "^3.0.0"
  
  strip-ansi@^6.0.0:
    version "6.0.0"
    resolved "https://registry.yarnpkg.com/strip-ansi/-/strip-ansi-6.0.0.tgz#0b1571dd7669ccd4f3e06e14ef1eed26225ae532"
    dependencies:
      ansi-regex "^5.0.0"
  
  strip-json-comments@3.1.1:
    version "3.1.1"
    resolved "https://registry.yarnpkg.com/strip-json-comments/-/strip-json-comments-3.1.1.tgz#31f1281b3832630434831c310c01cccda8cbe006"
  
  supports-color@8.1.1:
    version "8.1.1"
    resolved "https://registry.yarnpkg.com/supports-color/-/supports-color-8.1.1.tgz#cd6fc17e28500cff56c1b86c0a7fd4a54a73005c"
    dependencies:
      has-flag "^4.0.0"
  
  supports-color@^7.1.0:
    version "7.2.0"
    resolved "https://registry.yarnpkg.com/supports-color/-/supports-color-7.2.0.tgz#1b7dcdcb32b8138801b3e478ba6a51caa89648da"
    dependencies:
      has-flag "^4.0.0"
  
  to-regex-range@^5.0.1:
    version "5.0.1"
    resolved "https://registry.yarnpkg.com/to-regex-range/-/to-regex-range-5.0.1.tgz#1648c44aae7c8d988a326018ed72f5b4dd0392e4"
    dependencies:
      is-number "^7.0.0"
  
  tslib@^1.11.1:
    version "1.14.1"
    resolved "https://registry.yarnpkg.com/tslib/-/tslib-1.14.1.tgz#cf2d38bdc34a134bcaf1091c41f6619e2f672d00"
  
  tslib@^2.3.0:
    version "2.3.0"
    resolved "https://registry.yarnpkg.com/tslib/-/tslib-2.3.0.tgz#803b8cdab3e12ba581a4ca41c8839bbb0dacb09e"
  
  type-detect@^4.0.0, type-detect@^4.0.5:
    version "4.0.8"
    resolved "https://registry.yarnpkg.com/type-detect/-/type-detect-4.0.8.tgz#7646fb5f18871cfbb7749e69bd39a6388eb7450c"
  
  uuid@^8.3.2:
    version "8.3.2"
    resolved "https://registry.yarnpkg.com/uuid/-/uuid-8.3.2.tgz#80d5b5ced271bb9af6c445f21a1a04c606cefbe2"
  
  which@2.0.2:
    version "2.0.2"
    resolved "https://registry.yarnpkg.com/which/-/which-2.0.2.tgz#7c6a8dd0a636a0327e10b59c9286eee93f3f51b1"
    dependencies:
      isexe "^2.0.0"
  
  wide-align@1.1.3:
    version "1.1.3"
    resolved "https://registry.yarnpkg.com/wide-align/-/wide-align-1.1.3.tgz#ae074e6bdc0c14a431e804e624549c633b000457"
    dependencies:
      string-width "^1.0.2 || 2"
  
  workerpool@6.1.5:
    version "6.1.5"
    resolved "https://registry.yarnpkg.com/workerpool/-/workerpool-6.1.5.tgz#0f7cf076b6215fd7e1da903ff6f22ddd1886b581"
  
  wrap-ansi@^7.0.0:
    version "7.0.0"
    resolved "https://registry.yarnpkg.com/wrap-ansi/-/wrap-ansi-7.0.0.tgz#67e145cff510a6a6984bdf1152911d69d2eb9e43"
    dependencies:
      ansi-styles "^4.0.0"
      string-width "^4.1.0"
      strip-ansi "^6.0.0"
  
  wrappy@1:
    version "1.0.2"
    resolved "https://registry.yarnpkg.com/wrappy/-/wrappy-1.0.2.tgz#b5243d8f3ec1aa35f1364605bc0d1036e30ab69f"
  
  y18n@^5.0.5:
    version "5.0.8"
    resolved "https://registry.yarnpkg.com/y18n/-/y18n-5.0.8.tgz#7f4934d0f7ca8c56f95314939ddcd2dd91ce1d55"
  
  yargs-parser@20.2.4:
    version "20.2.4"
    resolved "https://registry.yarnpkg.com/yargs-parser/-/yargs-parser-20.2.4.tgz#b42890f14566796f85ae8e3a25290d205f154a54"
  
  yargs-parser@^20.2.2:
    version "20.2.9"
    resolved "https://registry.yarnpkg.com/yargs-parser/-/yargs-parser-20.2.9.tgz#2eb7dc3b0289718fc295f362753845c41a0c94ee"
  
  yargs-unparser@2.0.0:
    version "2.0.0"
    resolved "https://registry.yarnpkg.com/yargs-unparser/-/yargs-unparser-2.0.0.tgz#f131f9226911ae5d9ad38c432fe809366c2325eb"
    dependencies:
      camelcase "^6.0.0"
      decamelize "^4.0.0"
      flat "^5.0.2"
      is-plain-obj "^2.1.0"
  
  yargs@16.2.0:
    version "16.2.0"
    resolved "https://registry.yarnpkg.com/yargs/-/yargs-16.2.0.tgz#1c82bf0f6b6a66eafce7ef30e376f49a12477f66"
    dependencies:
      cliui "^7.0.2"
      escalade "^3.1.1"
      get-caller-file "^2.0.5"
      require-directory "^2.1.1"
      string-width "^4.2.0"
      y18n "^5.0.5"
      yargs-parser "^20.2.2"
  
  yocto-queue@^0.1.0:
    version "0.1.0"
    resolved "https://registry.yarnpkg.com/yocto-queue/-/yocto-queue-0.1.0.tgz#0294eb3dee05028d31ee1a5fa2c556a6aaf10a1b"

Trace: 
  Error: Command failed.
  Exit code: 1
  Command: sh
  Arguments: -c serverless deploy --aws-profile queue_register function -f  clear
  Directory: /Users/rice/queue_register/serverless
  Output:
  
      at ProcessTermError.MessageError (/usr/local/lib/node_modules/yarn/lib/cli.js:186:110)
      at new ProcessTermError (/usr/local/lib/node_modules/yarn/lib/cli.js:226:113)
      at ChildProcess.<anonymous> (/usr/local/lib/node_modules/yarn/lib/cli.js:30281:17)
      at ChildProcess.emit (events.js:210:5)
      at maybeClose (internal/child_process.js:1021:16)
      at Process.ChildProcess._handle.onexit (internal/child_process.js:283:5)
